{"/home/dongueu/Bureau/Pronoscore/frontend/src/App.tsx": {"path":"/home/dongueu/Bureau/Pronoscore/frontend/src/App.tsx","statementMap":{"0":{"start":{"line":27,"column":2},"end":{"line":60,"column":null}}},"fnMap":{"0":{"name":"App","decl":{"start":{"line":26,"column":9},"end":{"line":26,"column":15}},"loc":{"start":{"line":26,"column":15},"end":{"line":62,"column":null}},"line":26}},"branchMap":{},"s":{"0":8},"f":{"0":8},"b":{},"meta":{"lastBranch":0,"lastFunction":1,"lastStatement":1,"seen":{"f:26:9:26:15":0,"s:27:2:60:Infinity":0}}}
,"/home/dongueu/Bureau/Pronoscore/frontend/src/index.css": {"path":"/home/dongueu/Bureau/Pronoscore/frontend/src/index.css","statementMap":{},"fnMap":{},"branchMap":{},"s":{},"f":{},"b":{},"meta":{"lastBranch":0,"lastFunction":0,"lastStatement":0,"seen":{}}}
,"/home/dongueu/Bureau/Pronoscore/frontend/src/components/layout/Header.tsx": {"path":"/home/dongueu/Bureau/Pronoscore/frontend/src/components/layout/Header.tsx","statementMap":{"0":{"start":{"line":9,"column":8},"end":{"line":9,"column":null}},"1":{"start":{"line":10,"column":51},"end":{"line":10,"column":null}},"2":{"start":{"line":11,"column":42},"end":{"line":11,"column":null}},"3":{"start":{"line":12,"column":38},"end":{"line":12,"column":null}},"4":{"start":{"line":14,"column":19},"end":{"line":17,"column":null}},"5":{"start":{"line":15,"column":4},"end":{"line":15,"column":null}},"6":{"start":{"line":15,"column":22},"end":{"line":15,"column":null}},"7":{"start":{"line":16,"column":4},"end":{"line":16,"column":null}},"8":{"start":{"line":19,"column":19},"end":{"line":26,"column":null}},"9":{"start":{"line":28,"column":23},"end":{"line":31,"column":null}},"10":{"start":{"line":29,"column":4},"end":{"line":29,"column":null}},"11":{"start":{"line":30,"column":4},"end":{"line":30,"column":null}},"12":{"start":{"line":33,"column":2},"end":{"line":156,"column":null}},"13":{"start":{"line":49,"column":14},"end":{"line":59,"column":null}},"14":{"start":{"line":70,"column":33},"end":{"line":70,"column":null}},"15":{"start":{"line":89,"column":37},"end":{"line":89,"column":null}},"16":{"start":{"line":96,"column":37},"end":{"line":96,"column":null}},"17":{"start":{"line":123,"column":27},"end":{"line":123,"column":null}},"18":{"start":{"line":139,"column":14},"end":{"line":151,"column":null}},"19":{"start":{"line":142,"column":31},"end":{"line":142,"column":null}}},"fnMap":{"0":{"name":"Header","decl":{"start":{"line":8,"column":24},"end":{"line":8,"column":33}},"loc":{"start":{"line":8,"column":33},"end":{"line":158,"column":null}},"line":8},"1":{"name":"(anonymous_1)","decl":{"start":{"line":14,"column":19},"end":{"line":14,"column":20}},"loc":{"start":{"line":14,"column":37},"end":{"line":17,"column":null}},"line":14},"2":{"name":"(anonymous_2)","decl":{"start":{"line":28,"column":23},"end":{"line":28,"column":35}},"loc":{"start":{"line":28,"column":35},"end":{"line":31,"column":null}},"line":28},"3":{"name":"(anonymous_3)","decl":{"start":{"line":48,"column":26},"end":{"line":48,"column":27}},"loc":{"start":{"line":49,"column":14},"end":{"line":59,"column":null}},"line":49},"4":{"name":"(anonymous_4)","decl":{"start":{"line":70,"column":27},"end":{"line":70,"column":33}},"loc":{"start":{"line":70,"column":33},"end":{"line":70,"column":null}},"line":70},"5":{"name":"(anonymous_5)","decl":{"start":{"line":89,"column":31},"end":{"line":89,"column":37}},"loc":{"start":{"line":89,"column":37},"end":{"line":89,"column":null}},"line":89},"6":{"name":"(anonymous_6)","decl":{"start":{"line":96,"column":31},"end":{"line":96,"column":37}},"loc":{"start":{"line":96,"column":37},"end":{"line":96,"column":null}},"line":96},"7":{"name":"(anonymous_7)","decl":{"start":{"line":123,"column":21},"end":{"line":123,"column":27}},"loc":{"start":{"line":123,"column":27},"end":{"line":123,"column":null}},"line":123},"8":{"name":"(anonymous_8)","decl":{"start":{"line":138,"column":26},"end":{"line":138,"column":27}},"loc":{"start":{"line":139,"column":14},"end":{"line":151,"column":null}},"line":139},"9":{"name":"(anonymous_9)","decl":{"start":{"line":142,"column":25},"end":{"line":142,"column":31}},"loc":{"start":{"line":142,"column":31},"end":{"line":142,"column":null}},"line":142}},"branchMap":{"0":{"loc":{"start":{"line":15,"column":4},"end":{"line":15,"column":null}},"type":"if","locations":[{"start":{"line":15,"column":4},"end":{"line":15,"column":null}},{"start":{},"end":{}}],"line":15},"1":{"loc":{"start":{"line":53,"column":18},"end":{"line":55,"column":null}},"type":"cond-expr","locations":[{"start":{"line":54,"column":22},"end":{"line":54,"column":null}},{"start":{"line":55,"column":22},"end":{"line":55,"column":null}}],"line":53},"2":{"loc":{"start":{"line":65,"column":13},"end":{"line":117,"column":null}},"type":"cond-expr","locations":[{"start":{"line":66,"column":14},"end":{"line":66,"column":null}},{"start":{"line":67,"column":16},"end":{"line":117,"column":null}}],"line":65},"3":{"loc":{"start":{"line":67,"column":16},"end":{"line":117,"column":null}},"type":"cond-expr","locations":[{"start":{"line":68,"column":14},"end":{"line":110,"column":null}},{"start":{"line":112,"column":14},"end":{"line":117,"column":null}}],"line":67},"4":{"loc":{"start":{"line":74,"column":21},"end":{"line":74,"column":null}},"type":"binary-expr","locations":[{"start":{"line":74,"column":21},"end":{"line":74,"column":64}},{"start":{"line":74,"column":64},"end":{"line":74,"column":null}}],"line":74},"5":{"loc":{"start":{"line":79,"column":81},"end":{"line":79,"column":113}},"type":"cond-expr","locations":[{"start":{"line":79,"column":96},"end":{"line":79,"column":111}},{"start":{"line":79,"column":111},"end":{"line":79,"column":113}}],"line":79},"6":{"loc":{"start":{"line":85,"column":17},"end":{"line":108,"column":null}},"type":"binary-expr","locations":[{"start":{"line":85,"column":17},"end":{"line":85,"column":null}},{"start":{"line":86,"column":18},"end":{"line":108,"column":null}}],"line":85},"7":{"loc":{"start":{"line":128,"column":85},"end":{"line":128,"column":132}},"type":"cond-expr","locations":[{"start":{"line":128,"column":102},"end":{"line":128,"column":130}},{"start":{"line":128,"column":130},"end":{"line":128,"column":132}}],"line":128},"8":{"loc":{"start":{"line":129,"column":85},"end":{"line":129,"column":118}},"type":"cond-expr","locations":[{"start":{"line":129,"column":102},"end":{"line":129,"column":116}},{"start":{"line":129,"column":116},"end":{"line":129,"column":118}}],"line":129},"9":{"loc":{"start":{"line":130,"column":85},"end":{"line":130,"column":134}},"type":"cond-expr","locations":[{"start":{"line":130,"column":102},"end":{"line":130,"column":132}},{"start":{"line":130,"column":132},"end":{"line":130,"column":134}}],"line":130},"10":{"loc":{"start":{"line":136,"column":81},"end":{"line":136,"column":125}},"type":"cond-expr","locations":[{"start":{"line":136,"column":98},"end":{"line":136,"column":116}},{"start":{"line":136,"column":116},"end":{"line":136,"column":125}}],"line":136},"11":{"loc":{"start":{"line":144,"column":18},"end":{"line":146,"column":null}},"type":"cond-expr","locations":[{"start":{"line":145,"column":22},"end":{"line":145,"column":null}},{"start":{"line":146,"column":22},"end":{"line":146,"column":null}}],"line":144}},"s":{"0":10,"1":10,"2":10,"3":10,"4":10,"5":120,"6":20,"7":100,"8":10,"9":10,"10":0,"11":0,"12":10,"13":60,"14":0,"15":0,"16":0,"17":2,"18":60,"19":0},"f":{"0":10,"1":120,"2":0,"3":60,"4":0,"5":0,"6":0,"7":2,"8":60,"9":0},"b":{"0":[20,100],"1":[10,50],"2":[0,10],"3":[0,10],"4":[0,0],"5":[0,0],"6":[0,0],"7":[2,8],"8":[2,8],"9":[2,8],"10":[2,8],"11":[10,50]},"meta":{"lastBranch":12,"lastFunction":10,"lastStatement":20,"seen":{"f:8:24:8:33":0,"s:9:8:9:Infinity":0,"s:10:51:10:Infinity":1,"s:11:42:11:Infinity":2,"s:12:38:12:Infinity":3,"s:14:19:17:Infinity":4,"f:14:19:14:20":1,"b:15:4:15:Infinity:undefined:undefined:undefined:undefined":0,"s:15:4:15:Infinity":5,"s:15:22:15:Infinity":6,"s:16:4:16:Infinity":7,"s:19:19:26:Infinity":8,"s:28:23:31:Infinity":9,"f:28:23:28:35":2,"s:29:4:29:Infinity":10,"s:30:4:30:Infinity":11,"s:33:2:156:Infinity":12,"f:48:26:48:27":3,"s:49:14:59:Infinity":13,"b:54:22:54:Infinity:55:22:55:Infinity":1,"b:66:14:66:Infinity:67:16:117:Infinity":2,"b:68:14:110:Infinity:112:14:117:Infinity":3,"f:70:27:70:33":4,"s:70:33:70:Infinity":14,"b:74:21:74:64:74:64:74:Infinity":4,"b:79:96:79:111:79:111:79:113":5,"b:85:17:85:Infinity:86:18:108:Infinity":6,"f:89:31:89:37":5,"s:89:37:89:Infinity":15,"f:96:31:96:37":6,"s:96:37:96:Infinity":16,"f:123:21:123:27":7,"s:123:27:123:Infinity":17,"b:128:102:128:130:128:130:128:132":7,"b:129:102:129:116:129:116:129:118":8,"b:130:102:130:132:130:132:130:134":9,"b:136:98:136:116:136:116:136:125":10,"f:138:26:138:27":8,"s:139:14:151:Infinity":18,"f:142:25:142:31":9,"s:142:31:142:Infinity":19,"b:145:22:145:Infinity:146:22:146:Infinity":11}}}
,"/home/dongueu/Bureau/Pronoscore/frontend/src/components/matches/MatchCard.tsx": {"path":"/home/dongueu/Bureau/Pronoscore/frontend/src/components/matches/MatchCard.tsx","statementMap":{"0":{"start":{"line":12,"column":21},"end":{"line":12,"column":null}},"1":{"start":{"line":13,"column":17},"end":{"line":13,"column":null}},"2":{"start":{"line":14,"column":22},"end":{"line":14,"column":null}},"3":{"start":{"line":16,"column":21},"end":{"line":35,"column":null}},"4":{"start":{"line":17,"column":17},"end":{"line":17,"column":null}},"5":{"start":{"line":18,"column":16},"end":{"line":18,"column":null}},"6":{"start":{"line":19,"column":21},"end":{"line":19,"column":null}},"7":{"start":{"line":20,"column":4},"end":{"line":20,"column":null}},"8":{"start":{"line":22,"column":20},"end":{"line":22,"column":null}},"9":{"start":{"line":23,"column":23},"end":{"line":23,"column":null}},"10":{"start":{"line":25,"column":4},"end":{"line":25,"column":null}},"11":{"start":{"line":25,"column":17},"end":{"line":25,"column":null}},"12":{"start":{"line":26,"column":4},"end":{"line":26,"column":null}},"13":{"start":{"line":26,"column":20},"end":{"line":26,"column":null}},"14":{"start":{"line":28,"column":4},"end":{"line":34,"column":null}},"15":{"start":{"line":38,"column":45},"end":{"line":45,"column":null}},"16":{"start":{"line":47,"column":19},"end":{"line":47,"column":null}},"17":{"start":{"line":49,"column":2},"end":{"line":151,"column":null}}},"fnMap":{"0":{"name":"MatchCard","decl":{"start":{"line":11,"column":24},"end":{"line":11,"column":34}},"loc":{"start":{"line":11,"column":61},"end":{"line":153,"column":null}},"line":11},"1":{"name":"(anonymous_1)","decl":{"start":{"line":16,"column":21},"end":{"line":16,"column":22}},"loc":{"start":{"line":16,"column":42},"end":{"line":35,"column":null}},"line":16}},"branchMap":{"0":{"loc":{"start":{"line":13,"column":17},"end":{"line":13,"column":null}},"type":"binary-expr","locations":[{"start":{"line":13,"column":17},"end":{"line":13,"column":47}},{"start":{"line":13,"column":47},"end":{"line":13,"column":null}}],"line":13},"1":{"loc":{"start":{"line":14,"column":22},"end":{"line":14,"column":null}},"type":"binary-expr","locations":[{"start":{"line":14,"column":22},"end":{"line":14,"column":54}},{"start":{"line":14,"column":54},"end":{"line":14,"column":null}}],"line":14},"2":{"loc":{"start":{"line":25,"column":4},"end":{"line":25,"column":null}},"type":"if","locations":[{"start":{"line":25,"column":4},"end":{"line":25,"column":null}},{"start":{},"end":{}}],"line":25},"3":{"loc":{"start":{"line":26,"column":4},"end":{"line":26,"column":null}},"type":"if","locations":[{"start":{"line":26,"column":4},"end":{"line":26,"column":null}},{"start":{},"end":{}}],"line":26},"4":{"loc":{"start":{"line":47,"column":19},"end":{"line":47,"column":null}},"type":"binary-expr","locations":[{"start":{"line":47,"column":19},"end":{"line":47,"column":57}},{"start":{"line":47,"column":57},"end":{"line":47,"column":null}}],"line":47},"5":{"loc":{"start":{"line":66,"column":13},"end":{"line":67,"column":null}},"type":"binary-expr","locations":[{"start":{"line":66,"column":13},"end":{"line":66,"column":null}},{"start":{"line":67,"column":14},"end":{"line":67,"column":null}}],"line":66},"6":{"loc":{"start":{"line":71,"column":11},"end":{"line":83,"column":null}},"type":"cond-expr","locations":[{"start":{"line":72,"column":12},"end":{"line":75,"column":null}},{"start":{"line":76,"column":14},"end":{"line":83,"column":null}}],"line":71},"7":{"loc":{"start":{"line":76,"column":14},"end":{"line":83,"column":null}},"type":"cond-expr","locations":[{"start":{"line":77,"column":12},"end":{"line":79,"column":null}},{"start":{"line":81,"column":12},"end":{"line":83,"column":null}}],"line":76},"8":{"loc":{"start":{"line":98,"column":13},"end":{"line":113,"column":null}},"type":"cond-expr","locations":[{"start":{"line":99,"column":14},"end":{"line":103,"column":null}},{"start":{"line":104,"column":16},"end":{"line":113,"column":null}}],"line":98},"9":{"loc":{"start":{"line":98,"column":13},"end":{"line":98,"column":null}},"type":"binary-expr","locations":[{"start":{"line":98,"column":13},"end":{"line":98,"column":27}},{"start":{"line":98,"column":27},"end":{"line":98,"column":null}}],"line":98},"10":{"loc":{"start":{"line":100,"column":66},"end":{"line":100,"column":88}},"type":"binary-expr","locations":[{"start":{"line":100,"column":66},"end":{"line":100,"column":86}},{"start":{"line":100,"column":86},"end":{"line":100,"column":88}}],"line":100},"11":{"loc":{"start":{"line":102,"column":66},"end":{"line":102,"column":88}},"type":"binary-expr","locations":[{"start":{"line":102,"column":66},"end":{"line":102,"column":86}},{"start":{"line":102,"column":86},"end":{"line":102,"column":88}}],"line":102},"12":{"loc":{"start":{"line":104,"column":16},"end":{"line":113,"column":null}},"type":"cond-expr","locations":[{"start":{"line":105,"column":14},"end":{"line":109,"column":null}},{"start":{"line":111,"column":14},"end":{"line":113,"column":null}}],"line":104},"13":{"loc":{"start":{"line":126,"column":9},"end":{"line":145,"column":null}},"type":"binary-expr","locations":[{"start":{"line":126,"column":9},"end":{"line":126,"column":29}},{"start":{"line":126,"column":29},"end":{"line":126,"column":null}},{"start":{"line":127,"column":10},"end":{"line":145,"column":null}}],"line":126}},"s":{"0":0,"1":0,"2":0,"3":0,"4":0,"5":0,"6":0,"7":0,"8":0,"9":0,"10":0,"11":0,"12":0,"13":0,"14":0,"15":0,"16":0,"17":0},"f":{"0":0,"1":0},"b":{"0":[0,0],"1":[0,0],"2":[0,0],"3":[0,0],"4":[0,0],"5":[0,0],"6":[0,0],"7":[0,0],"8":[0,0],"9":[0,0],"10":[0,0],"11":[0,0],"12":[0,0],"13":[0,0,0]},"meta":{"lastBranch":14,"lastFunction":2,"lastStatement":18,"seen":{"f:11:24:11:34":0,"s:12:21:12:Infinity":0,"s:13:17:13:Infinity":1,"b:13:17:13:47:13:47:13:Infinity":0,"s:14:22:14:Infinity":2,"b:14:22:14:54:14:54:14:Infinity":1,"s:16:21:35:Infinity":3,"f:16:21:16:22":1,"s:17:17:17:Infinity":4,"s:18:16:18:Infinity":5,"s:19:21:19:Infinity":6,"s:20:4:20:Infinity":7,"s:22:20:22:Infinity":8,"s:23:23:23:Infinity":9,"b:25:4:25:Infinity:undefined:undefined:undefined:undefined":2,"s:25:4:25:Infinity":10,"s:25:17:25:Infinity":11,"b:26:4:26:Infinity:undefined:undefined:undefined:undefined":3,"s:26:4:26:Infinity":12,"s:26:20:26:Infinity":13,"s:28:4:34:Infinity":14,"s:38:45:45:Infinity":15,"s:47:19:47:Infinity":16,"b:47:19:47:57:47:57:47:Infinity":4,"s:49:2:151:Infinity":17,"b:66:13:66:Infinity:67:14:67:Infinity":5,"b:72:12:75:Infinity:76:14:83:Infinity":6,"b:77:12:79:Infinity:81:12:83:Infinity":7,"b:99:14:103:Infinity:104:16:113:Infinity":8,"b:98:13:98:27:98:27:98:Infinity":9,"b:100:66:100:86:100:86:100:88":10,"b:102:66:102:86:102:86:102:88":11,"b:105:14:109:Infinity:111:14:113:Infinity":12,"b:126:9:126:29:126:29:126:Infinity:127:10:145:Infinity":13}}}
,"/home/dongueu/Bureau/Pronoscore/frontend/src/lib/api.ts": {"path":"/home/dongueu/Bureau/Pronoscore/frontend/src/lib/api.ts","statementMap":{"0":{"start":{"line":15,"column":17},"end":{"line":15,"column":null}},"1":{"start":{"line":17,"column":12},"end":{"line":22,"column":null}},"2":{"start":{"line":32,"column":19},"end":{"line":34,"column":null}},"3":{"start":{"line":37,"column":2},"end":{"line":43,"column":null}},"4":{"start":{"line":38,"column":28},"end":{"line":38,"column":null}},"5":{"start":{"line":39,"column":21},"end":{"line":41,"column":null}},"6":{"start":{"line":40,"column":11},"end":{"line":40,"column":null}},"7":{"start":{"line":42,"column":4},"end":{"line":42,"column":null}},"8":{"start":{"line":45,"column":2},"end":{"line":45,"column":null}},"9":{"start":{"line":52,"column":19},"end":{"line":52,"column":null}},"10":{"start":{"line":53,"column":2},"end":{"line":53,"column":null}},"11":{"start":{"line":60,"column":19},"end":{"line":60,"column":null}},"12":{"start":{"line":61,"column":2},"end":{"line":61,"column":null}},"13":{"start":{"line":68,"column":19},"end":{"line":68,"column":null}},"14":{"start":{"line":69,"column":2},"end":{"line":69,"column":null}},"15":{"start":{"line":76,"column":19},"end":{"line":76,"column":null}},"16":{"start":{"line":77,"column":2},"end":{"line":77,"column":null}},"17":{"start":{"line":84,"column":19},"end":{"line":84,"column":null}},"18":{"start":{"line":85,"column":2},"end":{"line":85,"column":null}},"19":{"start":{"line":92,"column":19},"end":{"line":92,"column":null}},"20":{"start":{"line":93,"column":2},"end":{"line":93,"column":null}},"21":{"start":{"line":100,"column":19},"end":{"line":100,"column":null}},"22":{"start":{"line":101,"column":2},"end":{"line":101,"column":null}}},"fnMap":{"0":{"name":"getMatches","decl":{"start":{"line":27,"column":22},"end":{"line":27,"column":33}},"loc":{"start":{"line":30,"column":29},"end":{"line":46,"column":null}},"line":30},"1":{"name":"(anonymous_1)","decl":{"start":{"line":40,"column":6},"end":{"line":40,"column":11}},"loc":{"start":{"line":40,"column":11},"end":{"line":40,"column":null}},"line":40},"2":{"name":"getTodayMatches","decl":{"start":{"line":51,"column":22},"end":{"line":51,"column":66}},"loc":{"start":{"line":51,"column":66},"end":{"line":54,"column":null}},"line":51},"3":{"name":"getMatch","decl":{"start":{"line":59,"column":22},"end":{"line":59,"column":31}},"loc":{"start":{"line":59,"column":64},"end":{"line":62,"column":null}},"line":59},"4":{"name":"getCombinedPrediction","decl":{"start":{"line":67,"column":22},"end":{"line":67,"column":44}},"loc":{"start":{"line":67,"column":90},"end":{"line":70,"column":null}},"line":67},"5":{"name":"getApex30Report","decl":{"start":{"line":75,"column":22},"end":{"line":75,"column":38}},"loc":{"start":{"line":75,"column":82},"end":{"line":78,"column":null}},"line":75},"6":{"name":"getStandings","decl":{"start":{"line":83,"column":22},"end":{"line":83,"column":35}},"loc":{"start":{"line":83,"column":88},"end":{"line":86,"column":null}},"line":83},"7":{"name":"getCompetitions","decl":{"start":{"line":91,"column":22},"end":{"line":91,"column":71}},"loc":{"start":{"line":91,"column":71},"end":{"line":94,"column":null}},"line":91},"8":{"name":"healthCheck","decl":{"start":{"line":99,"column":22},"end":{"line":99,"column":83}},"loc":{"start":{"line":99,"column":83},"end":{"line":102,"column":null}},"line":99}},"branchMap":{"0":{"loc":{"start":{"line":15,"column":17},"end":{"line":15,"column":null}},"type":"binary-expr","locations":[{"start":{"line":15,"column":17},"end":{"line":15,"column":49}},{"start":{"line":15,"column":49},"end":{"line":15,"column":null}}],"line":15},"1":{"loc":{"start":{"line":33,"column":21},"end":{"line":33,"column":41}},"type":"binary-expr","locations":[{"start":{"line":33,"column":21},"end":{"line":33,"column":38}},{"start":{"line":33,"column":38},"end":{"line":33,"column":41}}],"line":33},"2":{"loc":{"start":{"line":37,"column":2},"end":{"line":43,"column":null}},"type":"if","locations":[{"start":{"line":37,"column":2},"end":{"line":43,"column":null}},{"start":{},"end":{}}],"line":37},"3":{"loc":{"start":{"line":37,"column":6},"end":{"line":37,"column":36}},"type":"binary-expr","locations":[{"start":{"line":37,"column":6},"end":{"line":37,"column":16}},{"start":{"line":37,"column":16},"end":{"line":37,"column":36}}],"line":37}},"s":{"0":5,"1":5,"2":11,"3":11,"4":0,"5":0,"6":0,"7":0,"8":11,"9":5,"10":5,"11":7,"12":7,"13":0,"14":0,"15":0,"16":0,"17":6,"18":6,"19":5,"20":5,"21":0,"22":0},"f":{"0":11,"1":0,"2":5,"3":7,"4":0,"5":0,"6":6,"7":5,"8":0},"b":{"0":[5,5],"1":[11,0],"2":[0,11],"3":[11,11]},"meta":{"lastBranch":4,"lastFunction":9,"lastStatement":23,"seen":{"s:15:17:15:Infinity":0,"b:15:17:15:49:15:49:15:Infinity":0,"s:17:12:22:Infinity":1,"f:27:22:27:33":0,"s:32:19:34:Infinity":2,"b:33:21:33:38:33:38:33:41":1,"b:37:2:43:Infinity:undefined:undefined:undefined:undefined":2,"s:37:2:43:Infinity":3,"b:37:6:37:16:37:16:37:36":3,"s:38:28:38:Infinity":4,"s:39:21:41:Infinity":5,"f:40:6:40:11":1,"s:40:11:40:Infinity":6,"s:42:4:42:Infinity":7,"s:45:2:45:Infinity":8,"f:51:22:51:66":2,"s:52:19:52:Infinity":9,"s:53:2:53:Infinity":10,"f:59:22:59:31":3,"s:60:19:60:Infinity":11,"s:61:2:61:Infinity":12,"f:67:22:67:44":4,"s:68:19:68:Infinity":13,"s:69:2:69:Infinity":14,"f:75:22:75:38":5,"s:76:19:76:Infinity":15,"s:77:2:77:Infinity":16,"f:83:22:83:35":6,"s:84:19:84:Infinity":17,"s:85:2:85:Infinity":18,"f:91:22:91:71":7,"s:92:19:92:Infinity":19,"s:93:2:93:Infinity":20,"f:99:22:99:83":8,"s:100:19:100:Infinity":21,"s:101:2:101:Infinity":22}}}
,"/home/dongueu/Bureau/Pronoscore/frontend/src/pages/History.tsx": {"path":"/home/dongueu/Bureau/Pronoscore/frontend/src/pages/History.tsx","statementMap":{"0":{"start":{"line":33,"column":17},"end":{"line":33,"column":null}},"1":{"start":{"line":35,"column":43},"end":{"line":37,"column":null}},"2":{"start":{"line":40,"column":38},"end":{"line":44,"column":null}},"3":{"start":{"line":41,"column":22},"end":{"line":41,"column":null}},"4":{"start":{"line":42,"column":4},"end":{"line":42,"column":null}},"5":{"start":{"line":43,"column":4},"end":{"line":43,"column":null}},"6":{"start":{"line":45,"column":28},"end":{"line":45,"column":null}},"7":{"start":{"line":46,"column":28},"end":{"line":46,"column":null}},"8":{"start":{"line":47,"column":24},"end":{"line":47,"column":null}},"9":{"start":{"line":48,"column":24},"end":{"line":48,"column":null}},"10":{"start":{"line":51,"column":23},"end":{"line":58,"column":null}},"11":{"start":{"line":52,"column":17},"end":{"line":52,"column":null}},"12":{"start":{"line":53,"column":4},"end":{"line":53,"column":null}},"13":{"start":{"line":55,"column":4},"end":{"line":57,"column":null}},"14":{"start":{"line":56,"column":6},"end":{"line":56,"column":null}},"15":{"start":{"line":60,"column":28},"end":{"line":75,"column":null}},"16":{"start":{"line":61,"column":17},"end":{"line":61,"column":null}},"17":{"start":{"line":62,"column":18},"end":{"line":62,"column":null}},"18":{"start":{"line":63,"column":22},"end":{"line":63,"column":null}},"19":{"start":{"line":64,"column":4},"end":{"line":64,"column":null}},"20":{"start":{"line":66,"column":4},"end":{"line":66,"column":null}},"21":{"start":{"line":66,"column":55},"end":{"line":66,"column":null}},"22":{"start":{"line":67,"column":4},"end":{"line":67,"column":null}},"23":{"start":{"line":67,"column":59},"end":{"line":67,"column":null}},"24":{"start":{"line":69,"column":4},"end":{"line":74,"column":null}},"25":{"start":{"line":77,"column":2},"end":{"line":131,"column":null}},"26":{"start":{"line":78,"column":25},"end":{"line":128,"column":null}},"27":{"start":{"line":79,"column":6},"end":{"line":127,"column":null}},"28":{"start":{"line":80,"column":8},"end":{"line":80,"column":null}},"29":{"start":{"line":81,"column":8},"end":{"line":81,"column":null}},"30":{"start":{"line":84,"column":25},"end":{"line":84,"column":null}},"31":{"start":{"line":85,"column":8},"end":{"line":85,"column":null}},"32":{"start":{"line":85,"column":26},"end":{"line":85,"column":null}},"33":{"start":{"line":87,"column":21},"end":{"line":87,"column":null}},"34":{"start":{"line":88,"column":8},"end":{"line":88,"column":null}},"35":{"start":{"line":91,"column":81},"end":{"line":111,"column":null}},"36":{"start":{"line":91,"column":123},"end":{"line":111,"column":10}},"37":{"start":{"line":113,"column":8},"end":{"line":113,"column":null}},"38":{"start":{"line":116,"column":8},"end":{"line":120,"column":null}},"39":{"start":{"line":123,"column":8},"end":{"line":123,"column":null}},"40":{"start":{"line":124,"column":8},"end":{"line":124,"column":null}},"41":{"start":{"line":126,"column":8},"end":{"line":126,"column":null}},"42":{"start":{"line":130,"column":4},"end":{"line":130,"column":null}},"43":{"start":{"line":133,"column":22},"end":{"line":133,"column":null}},"44":{"start":{"line":135,"column":2},"end":{"line":290,"column":null}},"45":{"start":{"line":158,"column":29},"end":{"line":158,"column":null}},"46":{"start":{"line":164,"column":29},"end":{"line":164,"column":null}},"47":{"start":{"line":175,"column":33},"end":{"line":175,"column":null}},"48":{"start":{"line":186,"column":29},"end":{"line":186,"column":null}},"49":{"start":{"line":193,"column":29},"end":{"line":193,"column":null}},"50":{"start":{"line":251,"column":29},"end":{"line":251,"column":null}},"51":{"start":{"line":270,"column":14},"end":{"line":270,"column":null}},"52":{"start":{"line":282,"column":29},"end":{"line":282,"column":null}},"53":{"start":{"line":298,"column":21},"end":{"line":298,"column":null}},"54":{"start":{"line":299,"column":21},"end":{"line":299,"column":null}},"55":{"start":{"line":300,"column":21},"end":{"line":300,"column":null}},"56":{"start":{"line":301,"column":19},"end":{"line":301,"column":null}},"57":{"start":{"line":302,"column":19},"end":{"line":302,"column":null}},"58":{"start":{"line":305,"column":23},"end":{"line":305,"column":null}},"59":{"start":{"line":306,"column":21},"end":{"line":306,"column":null}},"60":{"start":{"line":307,"column":26},"end":{"line":307,"column":null}},"61":{"start":{"line":308,"column":25},"end":{"line":308,"column":null}},"62":{"start":{"line":310,"column":2},"end":{"line":377,"column":null}}},"fnMap":{"0":{"name":"History","decl":{"start":{"line":39,"column":24},"end":{"line":39,"column":34}},"loc":{"start":{"line":39,"column":34},"end":{"line":292,"column":null}},"line":39},"1":{"name":"(anonymous_1)","decl":{"start":{"line":40,"column":59},"end":{"line":40,"column":65}},"loc":{"start":{"line":40,"column":65},"end":{"line":44,"column":3}},"line":40},"2":{"name":"(anonymous_2)","decl":{"start":{"line":51,"column":23},"end":{"line":51,"column":24}},"loc":{"start":{"line":51,"column":41},"end":{"line":58,"column":null}},"line":51},"3":{"name":"(anonymous_3)","decl":{"start":{"line":60,"column":28},"end":{"line":60,"column":29}},"loc":{"start":{"line":60,"column":49},"end":{"line":75,"column":null}},"line":60},"4":{"name":"(anonymous_4)","decl":{"start":{"line":77,"column":12},"end":{"line":77,"column":18}},"loc":{"start":{"line":77,"column":18},"end":{"line":131,"column":5}},"line":77},"5":{"name":"(anonymous_5)","decl":{"start":{"line":78,"column":25},"end":{"line":78,"column":37}},"loc":{"start":{"line":78,"column":37},"end":{"line":128,"column":null}},"line":78},"6":{"name":"(anonymous_6)","decl":{"start":{"line":91,"column":98},"end":{"line":91,"column":99}},"loc":{"start":{"line":91,"column":123},"end":{"line":111,"column":10}},"line":91},"7":{"name":"(anonymous_7)","decl":{"start":{"line":158,"column":23},"end":{"line":158,"column":29}},"loc":{"start":{"line":158,"column":29},"end":{"line":158,"column":null}},"line":158},"8":{"name":"(anonymous_8)","decl":{"start":{"line":164,"column":23},"end":{"line":164,"column":29}},"loc":{"start":{"line":164,"column":29},"end":{"line":164,"column":null}},"line":164},"9":{"name":"(anonymous_9)","decl":{"start":{"line":175,"column":26},"end":{"line":175,"column":27}},"loc":{"start":{"line":175,"column":33},"end":{"line":175,"column":null}},"line":175},"10":{"name":"(anonymous_10)","decl":{"start":{"line":186,"column":23},"end":{"line":186,"column":29}},"loc":{"start":{"line":186,"column":29},"end":{"line":186,"column":null}},"line":186},"11":{"name":"(anonymous_11)","decl":{"start":{"line":193,"column":23},"end":{"line":193,"column":29}},"loc":{"start":{"line":193,"column":29},"end":{"line":193,"column":null}},"line":193},"12":{"name":"(anonymous_12)","decl":{"start":{"line":251,"column":23},"end":{"line":251,"column":29}},"loc":{"start":{"line":251,"column":29},"end":{"line":251,"column":null}},"line":251},"13":{"name":"(anonymous_13)","decl":{"start":{"line":269,"column":25},"end":{"line":269,"column":null}},"loc":{"start":{"line":270,"column":14},"end":{"line":270,"column":null}},"line":270},"14":{"name":"(anonymous_14)","decl":{"start":{"line":282,"column":23},"end":{"line":282,"column":29}},"loc":{"start":{"line":282,"column":29},"end":{"line":282,"column":null}},"line":282},"15":{"name":"MatchResultCard","decl":{"start":{"line":297,"column":9},"end":{"line":297,"column":25}},"loc":{"start":{"line":297,"column":91},"end":{"line":379,"column":null}},"line":297}},"branchMap":{"0":{"loc":{"start":{"line":33,"column":17},"end":{"line":33,"column":null}},"type":"binary-expr","locations":[{"start":{"line":33,"column":17},"end":{"line":33,"column":49}},{"start":{"line":33,"column":49},"end":{"line":33,"column":null}}],"line":33},"1":{"loc":{"start":{"line":55,"column":4},"end":{"line":57,"column":null}},"type":"if","locations":[{"start":{"line":55,"column":4},"end":{"line":57,"column":null}},{"start":{},"end":{}}],"line":55},"2":{"loc":{"start":{"line":66,"column":4},"end":{"line":66,"column":null}},"type":"if","locations":[{"start":{"line":66,"column":4},"end":{"line":66,"column":null}},{"start":{},"end":{}}],"line":66},"3":{"loc":{"start":{"line":67,"column":4},"end":{"line":67,"column":null}},"type":"if","locations":[{"start":{"line":67,"column":4},"end":{"line":67,"column":null}},{"start":{},"end":{}}],"line":67},"4":{"loc":{"start":{"line":85,"column":8},"end":{"line":85,"column":null}},"type":"if","locations":[{"start":{"line":85,"column":8},"end":{"line":85,"column":null}},{"start":{},"end":{}}],"line":85},"5":{"loc":{"start":{"line":104,"column":22},"end":{"line":109,"column":null}},"type":"cond-expr","locations":[{"start":{"line":104,"column":37},"end":{"line":109,"column":14}},{"start":{"line":109,"column":14},"end":{"line":109,"column":null}}],"line":104},"6":{"loc":{"start":{"line":117,"column":17},"end":{"line":117,"column":null}},"type":"binary-expr","locations":[{"start":{"line":117,"column":17},"end":{"line":117,"column":38}},{"start":{"line":117,"column":38},"end":{"line":117,"column":null}}],"line":117},"7":{"loc":{"start":{"line":118,"column":19},"end":{"line":118,"column":null}},"type":"binary-expr","locations":[{"start":{"line":118,"column":19},"end":{"line":118,"column":49}},{"start":{"line":118,"column":49},"end":{"line":118,"column":null}}],"line":118},"8":{"loc":{"start":{"line":119,"column":18},"end":{"line":119,"column":45}},"type":"binary-expr","locations":[{"start":{"line":119,"column":18},"end":{"line":119,"column":39}},{"start":{"line":119,"column":39},"end":{"line":119,"column":45}}],"line":119},"9":{"loc":{"start":{"line":119,"column":45},"end":{"line":119,"column":null}},"type":"binary-expr","locations":[{"start":{"line":119,"column":45},"end":{"line":119,"column":75}},{"start":{"line":119,"column":75},"end":{"line":119,"column":null}}],"line":119},"10":{"loc":{"start":{"line":133,"column":22},"end":{"line":133,"column":null}},"type":"cond-expr","locations":[{"start":{"line":133,"column":40},"end":{"line":133,"column":90}},{"start":{"line":133,"column":90},"end":{"line":133,"column":null}}],"line":133},"11":{"loc":{"start":{"line":222,"column":12},"end":{"line":226,"column":null}},"type":"cond-expr","locations":[{"start":{"line":223,"column":16},"end":{"line":223,"column":null}},{"start":{"line":224,"column":16},"end":{"line":226,"column":null}}],"line":222},"12":{"loc":{"start":{"line":224,"column":16},"end":{"line":226,"column":null}},"type":"cond-expr","locations":[{"start":{"line":225,"column":18},"end":{"line":225,"column":null}},{"start":{"line":226,"column":18},"end":{"line":226,"column":null}}],"line":224},"13":{"loc":{"start":{"line":229,"column":14},"end":{"line":229,"column":null}},"type":"cond-expr","locations":[{"start":{"line":229,"column":34},"end":{"line":229,"column":55}},{"start":{"line":229,"column":55},"end":{"line":229,"column":null}}],"line":229},"14":{"loc":{"start":{"line":229,"column":55},"end":{"line":229,"column":null}},"type":"cond-expr","locations":[{"start":{"line":229,"column":75},"end":{"line":229,"column":95}},{"start":{"line":229,"column":95},"end":{"line":229,"column":null}}],"line":229},"15":{"loc":{"start":{"line":232,"column":14},"end":{"line":232,"column":null}},"type":"cond-expr","locations":[{"start":{"line":232,"column":34},"end":{"line":232,"column":58}},{"start":{"line":232,"column":58},"end":{"line":232,"column":null}}],"line":232},"16":{"loc":{"start":{"line":232,"column":58},"end":{"line":232,"column":null}},"type":"cond-expr","locations":[{"start":{"line":232,"column":78},"end":{"line":232,"column":101}},{"start":{"line":232,"column":101},"end":{"line":232,"column":null}}],"line":232},"17":{"loc":{"start":{"line":238,"column":9},"end":{"line":242,"column":null}},"type":"binary-expr","locations":[{"start":{"line":238,"column":9},"end":{"line":238,"column":null}},{"start":{"line":239,"column":10},"end":{"line":242,"column":null}}],"line":238},"18":{"loc":{"start":{"line":246,"column":9},"end":{"line":256,"column":null}},"type":"binary-expr","locations":[{"start":{"line":246,"column":9},"end":{"line":246,"column":null}},{"start":{"line":247,"column":10},"end":{"line":256,"column":null}}],"line":246},"19":{"loc":{"start":{"line":260,"column":9},"end":{"line":272,"column":null}},"type":"binary-expr","locations":[{"start":{"line":260,"column":9},"end":{"line":260,"column":21}},{"start":{"line":260,"column":21},"end":{"line":260,"column":31}},{"start":{"line":260,"column":31},"end":{"line":260,"column":null}},{"start":{"line":261,"column":10},"end":{"line":272,"column":null}}],"line":260},"20":{"loc":{"start":{"line":276,"column":9},"end":{"line":287,"column":null}},"type":"binary-expr","locations":[{"start":{"line":276,"column":9},"end":{"line":276,"column":21}},{"start":{"line":276,"column":21},"end":{"line":276,"column":31}},{"start":{"line":276,"column":31},"end":{"line":276,"column":null}},{"start":{"line":277,"column":10},"end":{"line":287,"column":null}}],"line":276},"21":{"loc":{"start":{"line":299,"column":21},"end":{"line":299,"column":null}},"type":"binary-expr","locations":[{"start":{"line":299,"column":21},"end":{"line":299,"column":41}},{"start":{"line":299,"column":41},"end":{"line":299,"column":null}}],"line":299},"22":{"loc":{"start":{"line":300,"column":21},"end":{"line":300,"column":null}},"type":"binary-expr","locations":[{"start":{"line":300,"column":21},"end":{"line":300,"column":41}},{"start":{"line":300,"column":41},"end":{"line":300,"column":null}}],"line":300},"23":{"loc":{"start":{"line":301,"column":19},"end":{"line":301,"column":null}},"type":"binary-expr","locations":[{"start":{"line":301,"column":19},"end":{"line":301,"column":54}},{"start":{"line":301,"column":54},"end":{"line":301,"column":null}}],"line":301},"24":{"loc":{"start":{"line":302,"column":19},"end":{"line":302,"column":null}},"type":"binary-expr","locations":[{"start":{"line":302,"column":19},"end":{"line":302,"column":54}},{"start":{"line":302,"column":54},"end":{"line":302,"column":null}}],"line":302},"25":{"loc":{"start":{"line":305,"column":23},"end":{"line":305,"column":null}},"type":"cond-expr","locations":[{"start":{"line":305,"column":49},"end":{"line":305,"column":58}},{"start":{"line":305,"column":58},"end":{"line":305,"column":null}}],"line":305},"26":{"loc":{"start":{"line":305,"column":58},"end":{"line":305,"column":null}},"type":"cond-expr","locations":[{"start":{"line":305,"column":84},"end":{"line":305,"column":93}},{"start":{"line":305,"column":93},"end":{"line":305,"column":null}}],"line":305},"27":{"loc":{"start":{"line":306,"column":21},"end":{"line":306,"column":null}},"type":"cond-expr","locations":[{"start":{"line":306,"column":43},"end":{"line":306,"column":52}},{"start":{"line":306,"column":52},"end":{"line":306,"column":null}}],"line":306},"28":{"loc":{"start":{"line":306,"column":52},"end":{"line":306,"column":null}},"type":"cond-expr","locations":[{"start":{"line":306,"column":74},"end":{"line":306,"column":83}},{"start":{"line":306,"column":83},"end":{"line":306,"column":null}}],"line":306},"29":{"loc":{"start":{"line":308,"column":25},"end":{"line":308,"column":null}},"type":"binary-expr","locations":[{"start":{"line":308,"column":25},"end":{"line":308,"column":52}},{"start":{"line":308,"column":52},"end":{"line":308,"column":null}}],"line":308},"30":{"loc":{"start":{"line":314,"column":8},"end":{"line":316,"column":null}},"type":"cond-expr","locations":[{"start":{"line":315,"column":12},"end":{"line":315,"column":null}},{"start":{"line":316,"column":12},"end":{"line":316,"column":null}}],"line":314},"31":{"loc":{"start":{"line":322,"column":10},"end":{"line":326,"column":null}},"type":"cond-expr","locations":[{"start":{"line":323,"column":14},"end":{"line":323,"column":null}},{"start":{"line":324,"column":14},"end":{"line":326,"column":null}}],"line":322},"32":{"loc":{"start":{"line":324,"column":14},"end":{"line":326,"column":null}},"type":"cond-expr","locations":[{"start":{"line":325,"column":16},"end":{"line":325,"column":null}},{"start":{"line":326,"column":16},"end":{"line":326,"column":null}}],"line":324},"33":{"loc":{"start":{"line":328,"column":11},"end":{"line":328,"column":null}},"type":"cond-expr","locations":[{"start":{"line":328,"column":28},"end":{"line":328,"column":35}},{"start":{"line":328,"column":35},"end":{"line":328,"column":null}}],"line":328},"34":{"loc":{"start":{"line":328,"column":35},"end":{"line":328,"column":null}},"type":"cond-expr","locations":[{"start":{"line":328,"column":53},"end":{"line":328,"column":59}},{"start":{"line":328,"column":59},"end":{"line":328,"column":null}}],"line":328},"35":{"loc":{"start":{"line":332,"column":36},"end":{"line":332,"column":78}},"type":"binary-expr","locations":[{"start":{"line":332,"column":36},"end":{"line":332,"column":74}},{"start":{"line":332,"column":74},"end":{"line":332,"column":78}}],"line":332},"36":{"loc":{"start":{"line":337,"column":60},"end":{"line":337,"column":102}},"type":"cond-expr","locations":[{"start":{"line":337,"column":86},"end":{"line":337,"column":100}},{"start":{"line":337,"column":100},"end":{"line":337,"column":102}}],"line":337},"37":{"loc":{"start":{"line":338,"column":13},"end":{"line":339,"column":null}},"type":"binary-expr","locations":[{"start":{"line":338,"column":13},"end":{"line":338,"column":null}},{"start":{"line":339,"column":14},"end":{"line":339,"column":null}}],"line":338},"38":{"loc":{"start":{"line":341,"column":49},"end":{"line":341,"column":106}},"type":"cond-expr","locations":[{"start":{"line":341,"column":75},"end":{"line":341,"column":90}},{"start":{"line":341,"column":90},"end":{"line":341,"column":106}}],"line":341},"39":{"loc":{"start":{"line":342,"column":15},"end":{"line":342,"column":null}},"type":"binary-expr","locations":[{"start":{"line":342,"column":15},"end":{"line":342,"column":40}},{"start":{"line":342,"column":40},"end":{"line":342,"column":null}}],"line":342},"40":{"loc":{"start":{"line":354,"column":72},"end":{"line":354,"column":114}},"type":"cond-expr","locations":[{"start":{"line":354,"column":98},"end":{"line":354,"column":112}},{"start":{"line":354,"column":112},"end":{"line":354,"column":114}}],"line":354},"41":{"loc":{"start":{"line":355,"column":49},"end":{"line":355,"column":106}},"type":"cond-expr","locations":[{"start":{"line":355,"column":75},"end":{"line":355,"column":90}},{"start":{"line":355,"column":90},"end":{"line":355,"column":106}}],"line":355},"42":{"loc":{"start":{"line":356,"column":15},"end":{"line":356,"column":null}},"type":"binary-expr","locations":[{"start":{"line":356,"column":15},"end":{"line":356,"column":40}},{"start":{"line":356,"column":40},"end":{"line":356,"column":null}}],"line":356},"43":{"loc":{"start":{"line":358,"column":13},"end":{"line":359,"column":null}},"type":"binary-expr","locations":[{"start":{"line":358,"column":13},"end":{"line":358,"column":null}},{"start":{"line":359,"column":14},"end":{"line":359,"column":null}}],"line":358},"44":{"loc":{"start":{"line":365,"column":9},"end":{"line":374,"column":null}},"type":"binary-expr","locations":[{"start":{"line":365,"column":9},"end":{"line":365,"column":null}},{"start":{"line":366,"column":10},"end":{"line":374,"column":null}}],"line":365},"45":{"loc":{"start":{"line":367,"column":12},"end":{"line":371,"column":null}},"type":"cond-expr","locations":[{"start":{"line":368,"column":16},"end":{"line":368,"column":null}},{"start":{"line":369,"column":16},"end":{"line":371,"column":null}}],"line":367},"46":{"loc":{"start":{"line":369,"column":16},"end":{"line":371,"column":null}},"type":"cond-expr","locations":[{"start":{"line":370,"column":18},"end":{"line":370,"column":null}},{"start":{"line":371,"column":18},"end":{"line":371,"column":null}}],"line":369}},"s":{"0":1,"1":1,"2":7,"3":7,"4":7,"5":7,"6":7,"7":7,"8":7,"9":7,"10":7,"11":0,"12":0,"13":0,"14":0,"15":7,"16":7,"17":7,"18":7,"19":7,"20":7,"21":0,"22":7,"23":7,"24":0,"25":7,"26":7,"27":7,"28":7,"29":7,"30":7,"31":0,"32":0,"33":0,"34":0,"35":0,"36":0,"37":0,"38":0,"39":0,"40":0,"41":0,"42":7,"43":7,"44":7,"45":0,"46":0,"47":0,"48":0,"49":0,"50":0,"51":0,"52":0,"53":0,"54":0,"55":0,"56":0,"57":0,"58":0,"59":0,"60":0,"61":0,"62":0},"f":{"0":7,"1":7,"2":0,"3":7,"4":7,"5":7,"6":0,"7":0,"8":0,"9":0,"10":0,"11":0,"12":0,"13":0,"14":0,"15":0},"b":{"0":[1,1],"1":[0,0],"2":[0,7],"3":[7,0],"4":[0,0],"5":[0,0],"6":[0,0],"7":[7,0],"8":[7,0],"9":[7,0],"10":[0,7],"11":[0,7],"12":[0,7],"13":[0,7],"14":[0,7],"15":[0,7],"16":[0,7],"17":[7,7],"18":[7,0],"19":[7,0,0,0],"20":[7,0,0,0],"21":[0,0],"22":[0,0],"23":[0,0],"24":[0,0],"25":[0,0],"26":[0,0],"27":[0,0],"28":[0,0],"29":[0,0],"30":[0,0],"31":[0,0],"32":[0,0],"33":[0,0],"34":[0,0],"35":[0,0],"36":[0,0],"37":[0,0],"38":[0,0],"39":[0,0],"40":[0,0],"41":[0,0],"42":[0,0],"43":[0,0],"44":[0,0],"45":[0,0],"46":[0,0]},"meta":{"lastBranch":47,"lastFunction":16,"lastStatement":63,"seen":{"s:33:17:33:Infinity":0,"b:33:17:33:49:33:49:33:Infinity":0,"s:35:43:37:Infinity":1,"f:39:24:39:34":0,"s:40:38:44:Infinity":2,"f:40:59:40:65":1,"s:41:22:41:Infinity":3,"s:42:4:42:Infinity":4,"s:43:4:43:Infinity":5,"s:45:28:45:Infinity":6,"s:46:28:46:Infinity":7,"s:47:24:47:Infinity":8,"s:48:24:48:Infinity":9,"s:51:23:58:Infinity":10,"f:51:23:51:24":2,"s:52:17:52:Infinity":11,"s:53:4:53:Infinity":12,"b:55:4:57:Infinity:undefined:undefined:undefined:undefined":1,"s:55:4:57:Infinity":13,"s:56:6:56:Infinity":14,"s:60:28:75:Infinity":15,"f:60:28:60:29":3,"s:61:17:61:Infinity":16,"s:62:18:62:Infinity":17,"s:63:22:63:Infinity":18,"s:64:4:64:Infinity":19,"b:66:4:66:Infinity:undefined:undefined:undefined:undefined":2,"s:66:4:66:Infinity":20,"s:66:55:66:Infinity":21,"b:67:4:67:Infinity:undefined:undefined:undefined:undefined":3,"s:67:4:67:Infinity":22,"s:67:59:67:Infinity":23,"s:69:4:74:Infinity":24,"s:77:2:131:Infinity":25,"f:77:12:77:18":4,"s:78:25:128:Infinity":26,"f:78:25:78:37":5,"s:79:6:127:Infinity":27,"s:80:8:80:Infinity":28,"s:81:8:81:Infinity":29,"s:84:25:84:Infinity":30,"b:85:8:85:Infinity:undefined:undefined:undefined:undefined":4,"s:85:8:85:Infinity":31,"s:85:26:85:Infinity":32,"s:87:21:87:Infinity":33,"s:88:8:88:Infinity":34,"s:91:81:111:Infinity":35,"f:91:98:91:99":6,"s:91:123:111:10":36,"b:104:37:109:14:109:14:109:Infinity":5,"s:113:8:113:Infinity":37,"s:116:8:120:Infinity":38,"b:117:17:117:38:117:38:117:Infinity":6,"b:118:19:118:49:118:49:118:Infinity":7,"b:119:18:119:39:119:39:119:45":8,"b:119:45:119:75:119:75:119:Infinity":9,"s:123:8:123:Infinity":39,"s:124:8:124:Infinity":40,"s:126:8:126:Infinity":41,"s:130:4:130:Infinity":42,"s:133:22:133:Infinity":43,"b:133:40:133:90:133:90:133:Infinity":10,"s:135:2:290:Infinity":44,"f:158:23:158:29":7,"s:158:29:158:Infinity":45,"f:164:23:164:29":8,"s:164:29:164:Infinity":46,"f:175:26:175:27":9,"s:175:33:175:Infinity":47,"f:186:23:186:29":10,"s:186:29:186:Infinity":48,"f:193:23:193:29":11,"s:193:29:193:Infinity":49,"b:223:16:223:Infinity:224:16:226:Infinity":11,"b:225:18:225:Infinity:226:18:226:Infinity":12,"b:229:34:229:55:229:55:229:Infinity":13,"b:229:75:229:95:229:95:229:Infinity":14,"b:232:34:232:58:232:58:232:Infinity":15,"b:232:78:232:101:232:101:232:Infinity":16,"b:238:9:238:Infinity:239:10:242:Infinity":17,"b:246:9:246:Infinity:247:10:256:Infinity":18,"f:251:23:251:29":12,"s:251:29:251:Infinity":50,"b:260:9:260:21:260:21:260:31:260:31:260:Infinity:261:10:272:Infinity":19,"f:269:25:269:Infinity":13,"s:270:14:270:Infinity":51,"b:276:9:276:21:276:21:276:31:276:31:276:Infinity:277:10:287:Infinity":20,"f:282:23:282:29":14,"s:282:29:282:Infinity":52,"f:297:9:297:25":15,"s:298:21:298:Infinity":53,"s:299:21:299:Infinity":54,"b:299:21:299:41:299:41:299:Infinity":21,"s:300:21:300:Infinity":55,"b:300:21:300:41:300:41:300:Infinity":22,"s:301:19:301:Infinity":56,"b:301:19:301:54:301:54:301:Infinity":23,"s:302:19:302:Infinity":57,"b:302:19:302:54:302:54:302:Infinity":24,"s:305:23:305:Infinity":58,"b:305:49:305:58:305:58:305:Infinity":25,"b:305:84:305:93:305:93:305:Infinity":26,"s:306:21:306:Infinity":59,"b:306:43:306:52:306:52:306:Infinity":27,"b:306:74:306:83:306:83:306:Infinity":28,"s:307:26:307:Infinity":60,"s:308:25:308:Infinity":61,"b:308:25:308:52:308:52:308:Infinity":29,"s:310:2:377:Infinity":62,"b:315:12:315:Infinity:316:12:316:Infinity":30,"b:323:14:323:Infinity:324:14:326:Infinity":31,"b:325:16:325:Infinity:326:16:326:Infinity":32,"b:328:28:328:35:328:35:328:Infinity":33,"b:328:53:328:59:328:59:328:Infinity":34,"b:332:36:332:74:332:74:332:78":35,"b:337:86:337:100:337:100:337:102":36,"b:338:13:338:Infinity:339:14:339:Infinity":37,"b:341:75:341:90:341:90:341:106":38,"b:342:15:342:40:342:40:342:Infinity":39,"b:354:98:354:112:354:112:354:114":40,"b:355:75:355:90:355:90:355:106":41,"b:356:15:356:40:356:40:356:Infinity":42,"b:358:13:358:Infinity:359:14:359:Infinity":43,"b:365:9:365:Infinity:366:10:374:Infinity":44,"b:368:16:368:Infinity:369:16:371:Infinity":45,"b:370:18:370:Infinity:371:18:371:Infinity":46}}}
,"/home/dongueu/Bureau/Pronoscore/frontend/src/pages/Home.tsx": {"path":"/home/dongueu/Bureau/Pronoscore/frontend/src/pages/Home.tsx","statementMap":{"0":{"start":{"line":9,"column":51},"end":{"line":17,"column":null}},"1":{"start":{"line":20,"column":28},"end":{"line":20,"column":null}},"2":{"start":{"line":21,"column":38},"end":{"line":21,"column":null}},"3":{"start":{"line":22,"column":28},"end":{"line":22,"column":null}},"4":{"start":{"line":23,"column":24},"end":{"line":23,"column":null}},"5":{"start":{"line":24,"column":52},"end":{"line":24,"column":null}},"6":{"start":{"line":26,"column":2},"end":{"line":47,"column":null}},"7":{"start":{"line":28,"column":6},"end":{"line":44,"column":null}},"8":{"start":{"line":29,"column":8},"end":{"line":29,"column":null}},"9":{"start":{"line":30,"column":23},"end":{"line":32,"column":null}},"10":{"start":{"line":33,"column":48},"end":{"line":36,"column":null}},"11":{"start":{"line":37,"column":8},"end":{"line":37,"column":null}},"12":{"start":{"line":38,"column":8},"end":{"line":38,"column":null}},"13":{"start":{"line":40,"column":8},"end":{"line":40,"column":null}},"14":{"start":{"line":41,"column":8},"end":{"line":41,"column":null}},"15":{"start":{"line":43,"column":8},"end":{"line":43,"column":null}},"16":{"start":{"line":46,"column":4},"end":{"line":46,"column":null}},"17":{"start":{"line":49,"column":2},"end":{"line":177,"column":null}},"18":{"start":{"line":96,"column":27},"end":{"line":96,"column":null}},"19":{"start":{"line":106,"column":12},"end":{"line":117,"column":null}},"20":{"start":{"line":108,"column":29},"end":{"line":108,"column":null}},"21":{"start":{"line":128,"column":14},"end":{"line":128,"column":null}},"22":{"start":{"line":140,"column":31},"end":{"line":140,"column":null}},"23":{"start":{"line":153,"column":14},"end":{"line":159,"column":null}}},"fnMap":{"0":{"name":"Home","decl":{"start":{"line":19,"column":24},"end":{"line":19,"column":31}},"loc":{"start":{"line":19,"column":31},"end":{"line":179,"column":null}},"line":19},"1":{"name":"(anonymous_1)","decl":{"start":{"line":26,"column":12},"end":{"line":26,"column":18}},"loc":{"start":{"line":26,"column":18},"end":{"line":47,"column":5}},"line":26},"2":{"name":"fetchData","decl":{"start":{"line":27,"column":19},"end":{"line":27,"column":31}},"loc":{"start":{"line":27,"column":31},"end":{"line":45,"column":null}},"line":27},"3":{"name":"(anonymous_3)","decl":{"start":{"line":96,"column":21},"end":{"line":96,"column":27}},"loc":{"start":{"line":96,"column":27},"end":{"line":96,"column":null}},"line":96},"4":{"name":"(anonymous_4)","decl":{"start":{"line":105,"column":40},"end":{"line":105,"column":41}},"loc":{"start":{"line":106,"column":12},"end":{"line":117,"column":null}},"line":106},"5":{"name":"(anonymous_5)","decl":{"start":{"line":108,"column":23},"end":{"line":108,"column":29}},"loc":{"start":{"line":108,"column":29},"end":{"line":108,"column":null}},"line":108},"6":{"name":"(anonymous_6)","decl":{"start":{"line":127,"column":31},"end":{"line":127,"column":32}},"loc":{"start":{"line":128,"column":14},"end":{"line":128,"column":null}},"line":128},"7":{"name":"(anonymous_7)","decl":{"start":{"line":140,"column":25},"end":{"line":140,"column":31}},"loc":{"start":{"line":140,"column":31},"end":{"line":140,"column":null}},"line":140},"8":{"name":"(anonymous_8)","decl":{"start":{"line":152,"column":25},"end":{"line":152,"column":26}},"loc":{"start":{"line":153,"column":14},"end":{"line":159,"column":null}},"line":153}},"branchMap":{"0":{"loc":{"start":{"line":30,"column":23},"end":{"line":32,"column":null}},"type":"cond-expr","locations":[{"start":{"line":31,"column":12},"end":{"line":31,"column":null}},{"start":{"line":32,"column":12},"end":{"line":32,"column":null}}],"line":30},"1":{"loc":{"start":{"line":98,"column":14},"end":{"line":100,"column":null}},"type":"cond-expr","locations":[{"start":{"line":99,"column":18},"end":{"line":99,"column":null}},{"start":{"line":100,"column":18},"end":{"line":100,"column":null}}],"line":98},"2":{"loc":{"start":{"line":110,"column":16},"end":{"line":112,"column":null}},"type":"cond-expr","locations":[{"start":{"line":111,"column":20},"end":{"line":111,"column":null}},{"start":{"line":112,"column":20},"end":{"line":112,"column":null}}],"line":110},"3":{"loc":{"start":{"line":116,"column":15},"end":{"line":116,"column":52}},"type":"binary-expr","locations":[{"start":{"line":116,"column":15},"end":{"line":116,"column":48}},{"start":{"line":116,"column":48},"end":{"line":116,"column":52}}],"line":116},"4":{"loc":{"start":{"line":125,"column":9},"end":{"line":130,"column":null}},"type":"binary-expr","locations":[{"start":{"line":125,"column":9},"end":{"line":125,"column":null}},{"start":{"line":126,"column":10},"end":{"line":130,"column":null}}],"line":125},"5":{"loc":{"start":{"line":134,"column":9},"end":{"line":146,"column":null}},"type":"binary-expr","locations":[{"start":{"line":134,"column":9},"end":{"line":134,"column":18}},{"start":{"line":134,"column":18},"end":{"line":134,"column":null}},{"start":{"line":135,"column":10},"end":{"line":146,"column":null}}],"line":134},"6":{"loc":{"start":{"line":150,"column":9},"end":{"line":161,"column":null}},"type":"binary-expr","locations":[{"start":{"line":150,"column":9},"end":{"line":150,"column":21}},{"start":{"line":150,"column":21},"end":{"line":150,"column":null}},{"start":{"line":151,"column":10},"end":{"line":161,"column":null}}],"line":150},"7":{"loc":{"start":{"line":165,"column":9},"end":{"line":174,"column":null}},"type":"binary-expr","locations":[{"start":{"line":165,"column":9},"end":{"line":165,"column":21}},{"start":{"line":165,"column":21},"end":{"line":165,"column":31}},{"start":{"line":165,"column":31},"end":{"line":165,"column":null}},{"start":{"line":166,"column":10},"end":{"line":174,"column":null}}],"line":165}},"s":{"0":1,"1":5,"2":5,"3":5,"4":5,"5":5,"6":5,"7":5,"8":5,"9":5,"10":5,"11":5,"12":5,"13":0,"14":0,"15":5,"16":5,"17":5,"18":0,"19":0,"20":0,"21":40,"22":0,"23":0},"f":{"0":5,"1":5,"2":5,"3":0,"4":0,"5":0,"6":40,"7":0,"8":0},"b":{"0":[0,5],"1":[5,0],"2":[0,0],"3":[0,0],"4":[5,5],"5":[5,0,0],"6":[5,0,0],"7":[5,0,0,0]},"meta":{"lastBranch":8,"lastFunction":9,"lastStatement":24,"seen":{"s:9:51:17:Infinity":0,"f:19:24:19:31":0,"s:20:28:20:Infinity":1,"s:21:38:21:Infinity":2,"s:22:28:22:Infinity":3,"s:23:24:23:Infinity":4,"s:24:52:24:Infinity":5,"s:26:2:47:Infinity":6,"f:26:12:26:18":1,"f:27:19:27:31":2,"s:28:6:44:Infinity":7,"s:29:8:29:Infinity":8,"s:30:23:32:Infinity":9,"b:31:12:31:Infinity:32:12:32:Infinity":0,"s:33:48:36:Infinity":10,"s:37:8:37:Infinity":11,"s:38:8:38:Infinity":12,"s:40:8:40:Infinity":13,"s:41:8:41:Infinity":14,"s:43:8:43:Infinity":15,"s:46:4:46:Infinity":16,"s:49:2:177:Infinity":17,"f:96:21:96:27":3,"s:96:27:96:Infinity":18,"b:99:18:99:Infinity:100:18:100:Infinity":1,"f:105:40:105:41":4,"s:106:12:117:Infinity":19,"f:108:23:108:29":5,"s:108:29:108:Infinity":20,"b:111:20:111:Infinity:112:20:112:Infinity":2,"b:116:15:116:48:116:48:116:52":3,"b:125:9:125:Infinity:126:10:130:Infinity":4,"f:127:31:127:32":6,"s:128:14:128:Infinity":21,"b:134:9:134:18:134:18:134:Infinity:135:10:146:Infinity":5,"f:140:25:140:31":7,"s:140:31:140:Infinity":22,"b:150:9:150:21:150:21:150:Infinity:151:10:161:Infinity":6,"f:152:25:152:26":8,"s:153:14:159:Infinity":23,"b:165:9:165:21:165:21:165:31:165:31:165:Infinity:166:10:174:Infinity":7}}}
,"/home/dongueu/Bureau/Pronoscore/frontend/src/pages/Login.tsx": {"path":"/home/dongueu/Bureau/Pronoscore/frontend/src/pages/Login.tsx","statementMap":{"0":{"start":{"line":9,"column":8},"end":{"line":9,"column":null}},"1":{"start":{"line":10,"column":46},"end":{"line":10,"column":null}},"2":{"start":{"line":12,"column":30},"end":{"line":15,"column":null}},"3":{"start":{"line":16,"column":38},"end":{"line":16,"column":null}},"4":{"start":{"line":18,"column":23},"end":{"line":26,"column":null}},"5":{"start":{"line":19,"column":4},"end":{"line":19,"column":null}},"6":{"start":{"line":20,"column":4},"end":{"line":20,"column":null}},"7":{"start":{"line":22,"column":19},"end":{"line":22,"column":null}},"8":{"start":{"line":23,"column":4},"end":{"line":25,"column":null}},"9":{"start":{"line":24,"column":6},"end":{"line":24,"column":null}},"10":{"start":{"line":28,"column":2},"end":{"line":168,"column":null}},"11":{"start":{"line":75,"column":35},"end":{"line":75,"column":null}},"12":{"start":{"line":95,"column":35},"end":{"line":95,"column":null}},"13":{"start":{"line":101,"column":33},"end":{"line":101,"column":null}}},"fnMap":{"0":{"name":"Login","decl":{"start":{"line":8,"column":24},"end":{"line":8,"column":32}},"loc":{"start":{"line":8,"column":32},"end":{"line":170,"column":null}},"line":8},"1":{"name":"(anonymous_1)","decl":{"start":{"line":18,"column":23},"end":{"line":18,"column":30}},"loc":{"start":{"line":18,"column":47},"end":{"line":26,"column":null}},"line":18},"2":{"name":"(anonymous_2)","decl":{"start":{"line":75,"column":28},"end":{"line":75,"column":29}},"loc":{"start":{"line":75,"column":35},"end":{"line":75,"column":null}},"line":75},"3":{"name":"(anonymous_3)","decl":{"start":{"line":95,"column":28},"end":{"line":95,"column":29}},"loc":{"start":{"line":95,"column":35},"end":{"line":95,"column":null}},"line":95},"4":{"name":"(anonymous_4)","decl":{"start":{"line":101,"column":27},"end":{"line":101,"column":33}},"loc":{"start":{"line":101,"column":33},"end":{"line":101,"column":null}},"line":101}},"branchMap":{"0":{"loc":{"start":{"line":23,"column":4},"end":{"line":25,"column":null}},"type":"if","locations":[{"start":{"line":23,"column":4},"end":{"line":25,"column":null}},{"start":{},"end":{}}],"line":23},"1":{"loc":{"start":{"line":53,"column":11},"end":{"line":57,"column":null}},"type":"binary-expr","locations":[{"start":{"line":53,"column":11},"end":{"line":53,"column":null}},{"start":{"line":54,"column":12},"end":{"line":57,"column":null}}],"line":53},"2":{"loc":{"start":{"line":92,"column":24},"end":{"line":92,"column":null}},"type":"cond-expr","locations":[{"start":{"line":92,"column":39},"end":{"line":92,"column":48}},{"start":{"line":92,"column":48},"end":{"line":92,"column":null}}],"line":92},"3":{"loc":{"start":{"line":104,"column":19},"end":{"line":104,"column":null}},"type":"cond-expr","locations":[{"start":{"line":104,"column":34},"end":{"line":104,"column":41}},{"start":{"line":104,"column":41},"end":{"line":104,"column":null}}],"line":104},"4":{"loc":{"start":{"line":125,"column":15},"end":{"line":134,"column":null}},"type":"cond-expr","locations":[{"start":{"line":126,"column":16},"end":{"line":132,"column":null}},{"start":{"line":134,"column":16},"end":{"line":134,"column":null}}],"line":125}},"s":{"0":15,"1":15,"2":15,"3":15,"4":15,"5":1,"6":1,"7":1,"8":1,"9":1,"10":15,"11":2,"12":2,"13":1},"f":{"0":15,"1":1,"2":2,"3":2,"4":1},"b":{"0":[1,0],"1":[15,0],"2":[1,14],"3":[1,14],"4":[0,15]},"meta":{"lastBranch":5,"lastFunction":5,"lastStatement":14,"seen":{"f:8:24:8:32":0,"s:9:8:9:Infinity":0,"s:10:46:10:Infinity":1,"s:12:30:15:Infinity":2,"s:16:38:16:Infinity":3,"s:18:23:26:Infinity":4,"f:18:23:18:30":1,"s:19:4:19:Infinity":5,"s:20:4:20:Infinity":6,"s:22:19:22:Infinity":7,"b:23:4:25:Infinity:undefined:undefined:undefined:undefined":0,"s:23:4:25:Infinity":8,"s:24:6:24:Infinity":9,"s:28:2:168:Infinity":10,"b:53:11:53:Infinity:54:12:57:Infinity":1,"f:75:28:75:29":2,"s:75:35:75:Infinity":11,"b:92:39:92:48:92:48:92:Infinity":2,"f:95:28:95:29":3,"s:95:35:95:Infinity":12,"f:101:27:101:33":4,"s:101:33:101:Infinity":13,"b:104:34:104:41:104:41:104:Infinity":3,"b:126:16:132:Infinity:134:16:134:Infinity":4}}}
,"/home/dongueu/Bureau/Pronoscore/frontend/src/pages/MatchDetail.tsx": {"path":"/home/dongueu/Bureau/Pronoscore/frontend/src/pages/MatchDetail.tsx","statementMap":{"0":{"start":{"line":10,"column":13},"end":{"line":10,"column":null}},"1":{"start":{"line":11,"column":24},"end":{"line":11,"column":null}},"2":{"start":{"line":12,"column":28},"end":{"line":12,"column":null}},"3":{"start":{"line":13,"column":24},"end":{"line":13,"column":null}},"4":{"start":{"line":14,"column":34},"end":{"line":14,"column":null}},"5":{"start":{"line":15,"column":40},"end":{"line":15,"column":null}},"6":{"start":{"line":16,"column":40},"end":{"line":16,"column":null}},"7":{"start":{"line":18,"column":30},"end":{"line":25,"column":null}},"8":{"start":{"line":19,"column":4},"end":{"line":19,"column":null}},"9":{"start":{"line":19,"column":18},"end":{"line":19,"column":null}},"10":{"start":{"line":20,"column":4},"end":{"line":24,"column":null}},"11":{"start":{"line":21,"column":6},"end":{"line":21,"column":null}},"12":{"start":{"line":23,"column":6},"end":{"line":23,"column":null}},"13":{"start":{"line":28,"column":2},"end":{"line":43,"column":null}},"14":{"start":{"line":30,"column":6},"end":{"line":30,"column":null}},"15":{"start":{"line":30,"column":15},"end":{"line":30,"column":null}},"16":{"start":{"line":31,"column":6},"end":{"line":40,"column":null}},"17":{"start":{"line":32,"column":8},"end":{"line":32,"column":null}},"18":{"start":{"line":33,"column":26},"end":{"line":33,"column":null}},"19":{"start":{"line":34,"column":8},"end":{"line":34,"column":null}},"20":{"start":{"line":36,"column":8},"end":{"line":36,"column":null}},"21":{"start":{"line":37,"column":8},"end":{"line":37,"column":null}},"22":{"start":{"line":39,"column":8},"end":{"line":39,"column":null}},"23":{"start":{"line":42,"column":4},"end":{"line":42,"column":null}},"24":{"start":{"line":45,"column":28},"end":{"line":63,"column":null}},"25":{"start":{"line":46,"column":4},"end":{"line":49,"column":null}},"26":{"start":{"line":47,"column":6},"end":{"line":47,"column":null}},"27":{"start":{"line":48,"column":6},"end":{"line":48,"column":null}},"28":{"start":{"line":51,"column":4},"end":{"line":62,"column":null}},"29":{"start":{"line":52,"column":6},"end":{"line":52,"column":null}},"30":{"start":{"line":53,"column":21},"end":{"line":53,"column":null}},"31":{"start":{"line":54,"column":6},"end":{"line":54,"column":null}},"32":{"start":{"line":55,"column":6},"end":{"line":55,"column":null}},"33":{"start":{"line":57,"column":6},"end":{"line":57,"column":null}},"34":{"start":{"line":59,"column":6},"end":{"line":59,"column":null}},"35":{"start":{"line":61,"column":6},"end":{"line":61,"column":null}},"36":{"start":{"line":65,"column":2},"end":{"line":74,"column":null}},"37":{"start":{"line":66,"column":4},"end":{"line":72,"column":null}},"38":{"start":{"line":76,"column":2},"end":{"line":88,"column":null}},"39":{"start":{"line":77,"column":4},"end":{"line":86,"column":null}},"40":{"start":{"line":90,"column":21},"end":{"line":90,"column":null}},"41":{"start":{"line":91,"column":17},"end":{"line":91,"column":null}},"42":{"start":{"line":92,"column":21},"end":{"line":92,"column":null}},"43":{"start":{"line":94,"column":21},"end":{"line":103,"column":null}},"44":{"start":{"line":95,"column":4},"end":{"line":102,"column":null}},"45":{"start":{"line":105,"column":2},"end":{"line":895,"column":null}},"46":{"start":{"line":396,"column":39},"end":{"line":396,"column":null}},"47":{"start":{"line":397,"column":39},"end":{"line":397,"column":null}},"48":{"start":{"line":399,"column":24},"end":{"line":405,"column":null}},"49":{"start":{"line":400,"column":26},"end":{"line":403,"column":null}},"50":{"start":{"line":407,"column":24},"end":{"line":422,"column":null}},"51":{"start":{"line":432,"column":40},"end":{"line":432,"column":null}},"52":{"start":{"line":433,"column":40},"end":{"line":433,"column":null}},"53":{"start":{"line":435,"column":24},"end":{"line":441,"column":null}},"54":{"start":{"line":436,"column":26},"end":{"line":439,"column":null}},"55":{"start":{"line":443,"column":24},"end":{"line":458,"column":null}},"56":{"start":{"line":547,"column":34},"end":{"line":547,"column":null}},"57":{"start":{"line":548,"column":34},"end":{"line":548,"column":null}},"58":{"start":{"line":549,"column":34},"end":{"line":549,"column":null}},"59":{"start":{"line":550,"column":28},"end":{"line":558,"column":null}},"60":{"start":{"line":575,"column":38},"end":{"line":575,"column":null}},"61":{"start":{"line":576,"column":38},"end":{"line":576,"column":null}},"62":{"start":{"line":577,"column":32},"end":{"line":577,"column":null}},"63":{"start":{"line":795,"column":27},"end":{"line":795,"column":null}},"64":{"start":{"line":810,"column":31},"end":{"line":810,"column":null}},"65":{"start":{"line":842,"column":22},"end":{"line":875,"column":null}}},"fnMap":{"0":{"name":"MatchDetail","decl":{"start":{"line":9,"column":24},"end":{"line":9,"column":38}},"loc":{"start":{"line":9,"column":38},"end":{"line":897,"column":null}},"line":9},"1":{"name":"(anonymous_1)","decl":{"start":{"line":18,"column":30},"end":{"line":18,"column":31}},"loc":{"start":{"line":18,"column":52},"end":{"line":25,"column":null}},"line":18},"2":{"name":"(anonymous_2)","decl":{"start":{"line":28,"column":12},"end":{"line":28,"column":18}},"loc":{"start":{"line":28,"column":18},"end":{"line":43,"column":5}},"line":28},"3":{"name":"fetchData","decl":{"start":{"line":29,"column":19},"end":{"line":29,"column":31}},"loc":{"start":{"line":29,"column":31},"end":{"line":41,"column":null}},"line":29},"4":{"name":"(anonymous_4)","decl":{"start":{"line":45,"column":28},"end":{"line":45,"column":40}},"loc":{"start":{"line":45,"column":40},"end":{"line":63,"column":null}},"line":45},"5":{"name":"(anonymous_5)","decl":{"start":{"line":94,"column":21},"end":{"line":94,"column":22}},"loc":{"start":{"line":94,"column":42},"end":{"line":103,"column":null}},"line":94},"6":{"name":"(anonymous_6)","decl":{"start":{"line":395,"column":24},"end":{"line":395,"column":30}},"loc":{"start":{"line":395,"column":30},"end":{"line":424,"column":25}},"line":395},"7":{"name":"(anonymous_7)","decl":{"start":{"line":431,"column":24},"end":{"line":431,"column":30}},"loc":{"start":{"line":431,"column":30},"end":{"line":460,"column":25}},"line":431},"8":{"name":"(anonymous_8)","decl":{"start":{"line":546,"column":28},"end":{"line":546,"column":34}},"loc":{"start":{"line":546,"column":34},"end":{"line":560,"column":29}},"line":546},"9":{"name":"(anonymous_9)","decl":{"start":{"line":574,"column":32},"end":{"line":574,"column":38}},"loc":{"start":{"line":574,"column":38},"end":{"line":578,"column":33}},"line":574},"10":{"name":"(anonymous_10)","decl":{"start":{"line":795,"column":21},"end":{"line":795,"column":27}},"loc":{"start":{"line":795,"column":27},"end":{"line":795,"column":null}},"line":795},"11":{"name":"(anonymous_11)","decl":{"start":{"line":810,"column":25},"end":{"line":810,"column":31}},"loc":{"start":{"line":810,"column":31},"end":{"line":810,"column":null}},"line":810},"12":{"name":"(anonymous_12)","decl":{"start":{"line":841,"column":44},"end":{"line":841,"column":45}},"loc":{"start":{"line":842,"column":22},"end":{"line":875,"column":null}},"line":842}},"branchMap":{"0":{"loc":{"start":{"line":19,"column":4},"end":{"line":19,"column":null}},"type":"if","locations":[{"start":{"line":19,"column":4},"end":{"line":19,"column":null}},{"start":{},"end":{}}],"line":19},"1":{"loc":{"start":{"line":30,"column":6},"end":{"line":30,"column":null}},"type":"if","locations":[{"start":{"line":30,"column":6},"end":{"line":30,"column":null}},{"start":{},"end":{}}],"line":30},"2":{"loc":{"start":{"line":46,"column":4},"end":{"line":49,"column":null}},"type":"if","locations":[{"start":{"line":46,"column":4},"end":{"line":49,"column":null}},{"start":{},"end":{}}],"line":46},"3":{"loc":{"start":{"line":46,"column":8},"end":{"line":46,"column":27}},"type":"binary-expr","locations":[{"start":{"line":46,"column":8},"end":{"line":46,"column":15}},{"start":{"line":46,"column":15},"end":{"line":46,"column":27}}],"line":46},"4":{"loc":{"start":{"line":65,"column":2},"end":{"line":74,"column":null}},"type":"if","locations":[{"start":{"line":65,"column":2},"end":{"line":74,"column":null}},{"start":{},"end":{}}],"line":65},"5":{"loc":{"start":{"line":76,"column":2},"end":{"line":88,"column":null}},"type":"if","locations":[{"start":{"line":76,"column":2},"end":{"line":88,"column":null}},{"start":{},"end":{}}],"line":76},"6":{"loc":{"start":{"line":76,"column":6},"end":{"line":76,"column":23}},"type":"binary-expr","locations":[{"start":{"line":76,"column":6},"end":{"line":76,"column":15}},{"start":{"line":76,"column":15},"end":{"line":76,"column":23}}],"line":76},"7":{"loc":{"start":{"line":84,"column":47},"end":{"line":84,"column":75}},"type":"binary-expr","locations":[{"start":{"line":84,"column":47},"end":{"line":84,"column":56}},{"start":{"line":84,"column":56},"end":{"line":84,"column":75}}],"line":84},"8":{"loc":{"start":{"line":91,"column":17},"end":{"line":91,"column":null}},"type":"binary-expr","locations":[{"start":{"line":91,"column":17},"end":{"line":91,"column":47}},{"start":{"line":91,"column":47},"end":{"line":91,"column":null}}],"line":91},"9":{"loc":{"start":{"line":136,"column":15},"end":{"line":145,"column":null}},"type":"cond-expr","locations":[{"start":{"line":137,"column":16},"end":{"line":141,"column":null}},{"start":{"line":143,"column":16},"end":{"line":145,"column":null}}],"line":136},"10":{"loc":{"start":{"line":136,"column":15},"end":{"line":136,"column":null}},"type":"binary-expr","locations":[{"start":{"line":136,"column":15},"end":{"line":136,"column":29}},{"start":{"line":136,"column":29},"end":{"line":136,"column":null}}],"line":136},"11":{"loc":{"start":{"line":147,"column":15},"end":{"line":150,"column":null}},"type":"binary-expr","locations":[{"start":{"line":147,"column":15},"end":{"line":147,"column":null}},{"start":{"line":148,"column":16},"end":{"line":150,"column":null}}],"line":147},"12":{"loc":{"start":{"line":169,"column":9},"end":{"line":785,"column":null}},"type":"cond-expr","locations":[{"start":{"line":170,"column":10},"end":{"line":777,"column":null}},{"start":{"line":779,"column":10},"end":{"line":785,"column":null}}],"line":169},"13":{"loc":{"start":{"line":193,"column":23},"end":{"line":193,"column":null}},"type":"binary-expr","locations":[{"start":{"line":193,"column":23},"end":{"line":193,"column":45}},{"start":{"line":193,"column":45},"end":{"line":193,"column":null}}],"line":193},"14":{"loc":{"start":{"line":196,"column":46},"end":{"line":196,"column":76}},"type":"binary-expr","locations":[{"start":{"line":196,"column":46},"end":{"line":196,"column":71}},{"start":{"line":196,"column":71},"end":{"line":196,"column":76}}],"line":196},"15":{"loc":{"start":{"line":215,"column":72},"end":{"line":215,"column":107}},"type":"binary-expr","locations":[{"start":{"line":215,"column":72},"end":{"line":215,"column":102}},{"start":{"line":215,"column":102},"end":{"line":215,"column":107}}],"line":215},"16":{"loc":{"start":{"line":224,"column":70},"end":{"line":224,"column":102}},"type":"binary-expr","locations":[{"start":{"line":224,"column":70},"end":{"line":224,"column":100}},{"start":{"line":224,"column":100},"end":{"line":224,"column":102}}],"line":224},"17":{"loc":{"start":{"line":226,"column":70},"end":{"line":226,"column":102}},"type":"binary-expr","locations":[{"start":{"line":226,"column":70},"end":{"line":226,"column":100}},{"start":{"line":226,"column":100},"end":{"line":226,"column":102}}],"line":226},"18":{"loc":{"start":{"line":232,"column":21},"end":{"line":232,"column":null}},"type":"binary-expr","locations":[{"start":{"line":232,"column":21},"end":{"line":232,"column":44}},{"start":{"line":232,"column":44},"end":{"line":232,"column":null}}],"line":232},"19":{"loc":{"start":{"line":237,"column":17},"end":{"line":320,"column":null}},"type":"binary-expr","locations":[{"start":{"line":237,"column":17},"end":{"line":237,"column":49}},{"start":{"line":237,"column":49},"end":{"line":237,"column":null}},{"start":{"line":238,"column":18},"end":{"line":320,"column":null}}],"line":237},"20":{"loc":{"start":{"line":299,"column":31},"end":{"line":303,"column":null}},"type":"cond-expr","locations":[{"start":{"line":299,"column":134},"end":{"line":302,"column":null}},{"start":{"line":303,"column":32},"end":{"line":303,"column":null}}],"line":299},"21":{"loc":{"start":{"line":299,"column":134},"end":{"line":302,"column":null}},"type":"cond-expr","locations":[{"start":{"line":301,"column":34},"end":{"line":301,"column":null}},{"start":{"line":302,"column":34},"end":{"line":302,"column":null}}],"line":299},"22":{"loc":{"start":{"line":349,"column":27},"end":{"line":349,"column":null}},"type":"cond-expr","locations":[{"start":{"line":349,"column":58},"end":{"line":349,"column":95}},{"start":{"line":349,"column":95},"end":{"line":349,"column":null}}],"line":349},"23":{"loc":{"start":{"line":350,"column":27},"end":{"line":350,"column":null}},"type":"cond-expr","locations":[{"start":{"line":350,"column":56},"end":{"line":350,"column":97}},{"start":{"line":350,"column":97},"end":{"line":350,"column":null}}],"line":350},"24":{"loc":{"start":{"line":357,"column":27},"end":{"line":357,"column":null}},"type":"cond-expr","locations":[{"start":{"line":357,"column":58},"end":{"line":357,"column":95}},{"start":{"line":357,"column":95},"end":{"line":357,"column":null}}],"line":357},"25":{"loc":{"start":{"line":358,"column":27},"end":{"line":358,"column":null}},"type":"cond-expr","locations":[{"start":{"line":358,"column":56},"end":{"line":358,"column":97}},{"start":{"line":358,"column":97},"end":{"line":358,"column":null}}],"line":358},"26":{"loc":{"start":{"line":363,"column":23},"end":{"line":372,"column":null}},"type":"binary-expr","locations":[{"start":{"line":363,"column":23},"end":{"line":363,"column":55}},{"start":{"line":363,"column":55},"end":{"line":363,"column":null}},{"start":{"line":364,"column":24},"end":{"line":372,"column":null}}],"line":363},"27":{"loc":{"start":{"line":368,"column":29},"end":{"line":370,"column":null}},"type":"cond-expr","locations":[{"start":{"line":369,"column":32},"end":{"line":369,"column":null}},{"start":{"line":370,"column":32},"end":{"line":370,"column":null}}],"line":368},"28":{"loc":{"start":{"line":399,"column":24},"end":{"line":405,"column":null}},"type":"if","locations":[{"start":{"line":399,"column":24},"end":{"line":405,"column":null}},{"start":{},"end":{}}],"line":399},"29":{"loc":{"start":{"line":399,"column":28},"end":{"line":399,"column":48}},"type":"binary-expr","locations":[{"start":{"line":399,"column":28},"end":{"line":399,"column":39}},{"start":{"line":399,"column":39},"end":{"line":399,"column":48}}],"line":399},"30":{"loc":{"start":{"line":409,"column":29},"end":{"line":412,"column":null}},"type":"binary-expr","locations":[{"start":{"line":409,"column":29},"end":{"line":409,"column":null}},{"start":{"line":410,"column":30},"end":{"line":412,"column":null}}],"line":409},"31":{"loc":{"start":{"line":414,"column":29},"end":{"line":417,"column":null}},"type":"binary-expr","locations":[{"start":{"line":414,"column":29},"end":{"line":414,"column":null}},{"start":{"line":415,"column":30},"end":{"line":417,"column":null}}],"line":414},"32":{"loc":{"start":{"line":435,"column":24},"end":{"line":441,"column":null}},"type":"if","locations":[{"start":{"line":435,"column":24},"end":{"line":441,"column":null}},{"start":{},"end":{}}],"line":435},"33":{"loc":{"start":{"line":435,"column":28},"end":{"line":435,"column":50}},"type":"binary-expr","locations":[{"start":{"line":435,"column":28},"end":{"line":435,"column":40}},{"start":{"line":435,"column":40},"end":{"line":435,"column":50}}],"line":435},"34":{"loc":{"start":{"line":445,"column":29},"end":{"line":448,"column":null}},"type":"binary-expr","locations":[{"start":{"line":445,"column":29},"end":{"line":445,"column":null}},{"start":{"line":446,"column":30},"end":{"line":448,"column":null}}],"line":445},"35":{"loc":{"start":{"line":450,"column":29},"end":{"line":453,"column":null}},"type":"binary-expr","locations":[{"start":{"line":450,"column":29},"end":{"line":450,"column":null}},{"start":{"line":451,"column":30},"end":{"line":453,"column":null}}],"line":450},"36":{"loc":{"start":{"line":487,"column":72},"end":{"line":487,"column":114}},"type":"binary-expr","locations":[{"start":{"line":487,"column":72},"end":{"line":487,"column":109}},{"start":{"line":487,"column":109},"end":{"line":487,"column":114}}],"line":487},"37":{"loc":{"start":{"line":496,"column":70},"end":{"line":496,"column":109}},"type":"binary-expr","locations":[{"start":{"line":496,"column":70},"end":{"line":496,"column":107}},{"start":{"line":496,"column":107},"end":{"line":496,"column":109}}],"line":496},"38":{"loc":{"start":{"line":498,"column":70},"end":{"line":498,"column":109}},"type":"binary-expr","locations":[{"start":{"line":498,"column":70},"end":{"line":498,"column":107}},{"start":{"line":498,"column":107},"end":{"line":498,"column":109}}],"line":498},"39":{"loc":{"start":{"line":504,"column":21},"end":{"line":504,"column":null}},"type":"binary-expr","locations":[{"start":{"line":504,"column":21},"end":{"line":504,"column":51}},{"start":{"line":504,"column":51},"end":{"line":504,"column":null}}],"line":504},"40":{"loc":{"start":{"line":509,"column":20},"end":{"line":509,"column":130}},"type":"cond-expr","locations":[{"start":{"line":509,"column":49},"end":{"line":509,"column":101}},{"start":{"line":509,"column":101},"end":{"line":509,"column":130}}],"line":509},"41":{"loc":{"start":{"line":510,"column":16},"end":{"line":606,"column":null}},"type":"binary-expr","locations":[{"start":{"line":513,"column":18},"end":{"line":513,"column":60}},{"start":{"line":513,"column":60},"end":{"line":513,"column":null}},{"start":{"line":514,"column":18},"end":{"line":606,"column":null}}],"line":510},"42":{"loc":{"start":{"line":525,"column":51},"end":{"line":525,"column":81}},"type":"binary-expr","locations":[{"start":{"line":525,"column":51},"end":{"line":525,"column":79}},{"start":{"line":525,"column":79},"end":{"line":525,"column":81}}],"line":525},"43":{"loc":{"start":{"line":525,"column":99},"end":{"line":525,"column":125}},"type":"binary-expr","locations":[{"start":{"line":525,"column":99},"end":{"line":525,"column":123}},{"start":{"line":525,"column":123},"end":{"line":525,"column":125}}],"line":525},"44":{"loc":{"start":{"line":527,"column":33},"end":{"line":527,"column":66}},"type":"binary-expr","locations":[{"start":{"line":527,"column":33},"end":{"line":527,"column":61}},{"start":{"line":527,"column":61},"end":{"line":527,"column":66}}],"line":527},"45":{"loc":{"start":{"line":527,"column":71},"end":{"line":527,"column":100}},"type":"binary-expr","locations":[{"start":{"line":527,"column":71},"end":{"line":527,"column":95}},{"start":{"line":527,"column":95},"end":{"line":527,"column":100}}],"line":527},"46":{"loc":{"start":{"line":531,"column":51},"end":{"line":531,"column":81}},"type":"binary-expr","locations":[{"start":{"line":531,"column":51},"end":{"line":531,"column":79}},{"start":{"line":531,"column":79},"end":{"line":531,"column":81}}],"line":531},"47":{"loc":{"start":{"line":531,"column":99},"end":{"line":531,"column":125}},"type":"binary-expr","locations":[{"start":{"line":531,"column":99},"end":{"line":531,"column":123}},{"start":{"line":531,"column":123},"end":{"line":531,"column":125}}],"line":531},"48":{"loc":{"start":{"line":533,"column":33},"end":{"line":533,"column":66}},"type":"binary-expr","locations":[{"start":{"line":533,"column":33},"end":{"line":533,"column":61}},{"start":{"line":533,"column":61},"end":{"line":533,"column":66}}],"line":533},"49":{"loc":{"start":{"line":533,"column":71},"end":{"line":533,"column":100}},"type":"binary-expr","locations":[{"start":{"line":533,"column":71},"end":{"line":533,"column":95}},{"start":{"line":533,"column":95},"end":{"line":533,"column":100}}],"line":533},"50":{"loc":{"start":{"line":547,"column":50},"end":{"line":547,"column":84}},"type":"binary-expr","locations":[{"start":{"line":547,"column":50},"end":{"line":547,"column":78}},{"start":{"line":547,"column":78},"end":{"line":547,"column":84}}],"line":547},"51":{"loc":{"start":{"line":547,"column":84},"end":{"line":547,"column":118}},"type":"binary-expr","locations":[{"start":{"line":547,"column":84},"end":{"line":547,"column":112}},{"start":{"line":547,"column":112},"end":{"line":547,"column":118}}],"line":547},"52":{"loc":{"start":{"line":547,"column":118},"end":{"line":547,"column":null}},"type":"binary-expr","locations":[{"start":{"line":547,"column":118},"end":{"line":547,"column":142}},{"start":{"line":547,"column":142},"end":{"line":547,"column":null}}],"line":547},"53":{"loc":{"start":{"line":548,"column":48},"end":{"line":548,"column":81}},"type":"binary-expr","locations":[{"start":{"line":548,"column":48},"end":{"line":548,"column":76}},{"start":{"line":548,"column":76},"end":{"line":548,"column":81}}],"line":548},"54":{"loc":{"start":{"line":548,"column":86},"end":{"line":548,"column":115}},"type":"binary-expr","locations":[{"start":{"line":548,"column":86},"end":{"line":548,"column":110}},{"start":{"line":548,"column":110},"end":{"line":548,"column":115}}],"line":548},"55":{"loc":{"start":{"line":548,"column":121},"end":{"line":548,"column":null}},"type":"binary-expr","locations":[{"start":{"line":548,"column":121},"end":{"line":548,"column":141}},{"start":{"line":548,"column":141},"end":{"line":548,"column":null}}],"line":548},"56":{"loc":{"start":{"line":549,"column":48},"end":{"line":549,"column":81}},"type":"binary-expr","locations":[{"start":{"line":549,"column":48},"end":{"line":549,"column":76}},{"start":{"line":549,"column":76},"end":{"line":549,"column":81}}],"line":549},"57":{"loc":{"start":{"line":549,"column":86},"end":{"line":549,"column":115}},"type":"binary-expr","locations":[{"start":{"line":549,"column":86},"end":{"line":549,"column":110}},{"start":{"line":549,"column":110},"end":{"l
[...]
,"/home/dongueu/Bureau/Pronoscore/frontend/src/pages/TodayMatches.tsx": {"path":"/home/dongueu/Bureau/Pronoscore/frontend/src/pages/TodayMatches.tsx","statementMap":{"0":{"start":{"line":10,"column":28},"end":{"line":10,"column":null}},"1":{"start":{"line":11,"column":28},"end":{"line":11,"column":null}},"2":{"start":{"line":12,"column":24},"end":{"line":12,"column":null}},"3":{"start":{"line":13,"column":34},"end":{"line":13,"column":null}},"4":{"start":{"line":15,"column":20},"end":{"line":27,"column":null}},"5":{"start":{"line":16,"column":4},"end":{"line":26,"column":null}},"6":{"start":{"line":17,"column":19},"end":{"line":17,"column":null}},"7":{"start":{"line":18,"column":6},"end":{"line":18,"column":null}},"8":{"start":{"line":19,"column":6},"end":{"line":19,"column":null}},"9":{"start":{"line":20,"column":6},"end":{"line":20,"column":null}},"10":{"start":{"line":22,"column":6},"end":{"line":22,"column":null}},"11":{"start":{"line":23,"column":6},"end":{"line":23,"column":null}},"12":{"start":{"line":25,"column":6},"end":{"line":25,"column":null}},"13":{"start":{"line":29,"column":2},"end":{"line":35,"column":null}},"14":{"start":{"line":30,"column":4},"end":{"line":30,"column":null}},"15":{"start":{"line":33,"column":21},"end":{"line":33,"column":null}},"16":{"start":{"line":34,"column":4},"end":{"line":34,"column":null}},"17":{"start":{"line":34,"column":17},"end":{"line":34,"column":null}},"18":{"start":{"line":38,"column":26},"end":{"line":38,"column":null}},"19":{"start":{"line":38,"column":46},"end":{"line":38,"column":69}},"20":{"start":{"line":39,"column":22},"end":{"line":39,"column":null}},"21":{"start":{"line":39,"column":42},"end":{"line":39,"column":89}},"22":{"start":{"line":40,"column":26},"end":{"line":40,"column":null}},"23":{"start":{"line":40,"column":46},"end":{"line":40,"column":94}},"24":{"start":{"line":42,"column":8},"end":{"line":47,"column":null}},"25":{"start":{"line":49,"column":2},"end":{"line":152,"column":null}},"26":{"start":{"line":99,"column":20},"end":{"line":99,"column":null}},"27":{"start":{"line":114,"column":20},"end":{"line":114,"column":null}},"28":{"start":{"line":129,"column":20},"end":{"line":129,"column":null}},"29":{"start":{"line":160,"column":20},"end":{"line":160,"column":null}},"30":{"start":{"line":161,"column":20},"end":{"line":161,"column":null}},"31":{"start":{"line":163,"column":2},"end":{"line":204,"column":null}},"32":{"start":{"line":212,"column":15},"end":{"line":215,"column":null}},"33":{"start":{"line":217,"column":2},"end":{"line":249,"column":null}},"34":{"start":{"line":257,"column":20},"end":{"line":257,"column":null}},"35":{"start":{"line":258,"column":20},"end":{"line":258,"column":null}},"36":{"start":{"line":259,"column":20},"end":{"line":259,"column":null}},"37":{"start":{"line":262,"column":21},"end":{"line":262,"column":null}},"38":{"start":{"line":263,"column":2},"end":{"line":264,"column":null}},"39":{"start":{"line":263,"column":29},"end":{"line":263,"column":null}},"40":{"start":{"line":263,"column":44},"end":{"line":264,"column":null}},"41":{"start":{"line":264,"column":34},"end":{"line":264,"column":null}},"42":{"start":{"line":267,"column":26},"end":{"line":267,"column":null}},"43":{"start":{"line":268,"column":2},"end":{"line":274,"column":null}},"44":{"start":{"line":269,"column":28},"end":{"line":269,"column":null}},"45":{"start":{"line":270,"column":4},"end":{"line":273,"column":null}},"46":{"start":{"line":276,"column":2},"end":{"line":333,"column":null}}},"fnMap":{"0":{"name":"TodayMatches","decl":{"start":{"line":9,"column":24},"end":{"line":9,"column":39}},"loc":{"start":{"line":9,"column":39},"end":{"line":154,"column":null}},"line":9},"1":{"name":"(anonymous_1)","decl":{"start":{"line":15,"column":20},"end":{"line":15,"column":32}},"loc":{"start":{"line":15,"column":32},"end":{"line":27,"column":null}},"line":15},"2":{"name":"(anonymous_2)","decl":{"start":{"line":29,"column":12},"end":{"line":29,"column":18}},"loc":{"start":{"line":29,"column":18},"end":{"line":35,"column":5}},"line":29},"3":{"name":"(anonymous_3)","decl":{"start":{"line":34,"column":11},"end":{"line":34,"column":17}},"loc":{"start":{"line":34,"column":17},"end":{"line":34,"column":null}},"line":34},"4":{"name":"(anonymous_4)","decl":{"start":{"line":38,"column":41},"end":{"line":38,"column":46}},"loc":{"start":{"line":38,"column":46},"end":{"line":38,"column":69}},"line":38},"5":{"name":"(anonymous_5)","decl":{"start":{"line":39,"column":37},"end":{"line":39,"column":42}},"loc":{"start":{"line":39,"column":42},"end":{"line":39,"column":89}},"line":39},"6":{"name":"(anonymous_6)","decl":{"start":{"line":40,"column":41},"end":{"line":40,"column":46}},"loc":{"start":{"line":40,"column":46},"end":{"line":40,"column":94}},"line":40},"7":{"name":"(anonymous_7)","decl":{"start":{"line":98,"column":35},"end":{"line":98,"column":null}},"loc":{"start":{"line":99,"column":20},"end":{"line":99,"column":null}},"line":99},"8":{"name":"(anonymous_8)","decl":{"start":{"line":113,"column":39},"end":{"line":113,"column":null}},"loc":{"start":{"line":114,"column":20},"end":{"line":114,"column":null}},"line":114},"9":{"name":"(anonymous_9)","decl":{"start":{"line":128,"column":39},"end":{"line":128,"column":null}},"loc":{"start":{"line":129,"column":20},"end":{"line":129,"column":null}},"line":129},"10":{"name":"LiveMatchCard","decl":{"start":{"line":159,"column":9},"end":{"line":159,"column":23}},"loc":{"start":{"line":159,"column":52},"end":{"line":206,"column":null}},"line":159},"11":{"name":"UpcomingMatchCard","decl":{"start":{"line":211,"column":9},"end":{"line":211,"column":27}},"loc":{"start":{"line":211,"column":56},"end":{"line":251,"column":null}},"line":211},"12":{"name":"FinishedMatchCard","decl":{"start":{"line":256,"column":9},"end":{"line":256,"column":27}},"loc":{"start":{"line":256,"column":56},"end":{"line":335,"column":null}},"line":256}},"branchMap":{"0":{"loc":{"start":{"line":39,"column":42},"end":{"line":39,"column":89}},"type":"binary-expr","locations":[{"start":{"line":39,"column":42},"end":{"line":39,"column":68}},{"start":{"line":39,"column":68},"end":{"line":39,"column":89}}],"line":39},"1":{"loc":{"start":{"line":40,"column":46},"end":{"line":40,"column":94}},"type":"binary-expr","locations":[{"start":{"line":40,"column":46},"end":{"line":40,"column":74}},{"start":{"line":40,"column":74},"end":{"line":40,"column":94}}],"line":40},"2":{"loc":{"start":{"line":68,"column":9},"end":{"line":71,"column":null}},"type":"binary-expr","locations":[{"start":{"line":68,"column":9},"end":{"line":68,"column":null}},{"start":{"line":69,"column":10},"end":{"line":71,"column":null}}],"line":68},"3":{"loc":{"start":{"line":75,"column":9},"end":{"line":79,"column":null}},"type":"binary-expr","locations":[{"start":{"line":75,"column":9},"end":{"line":75,"column":18}},{"start":{"line":75,"column":18},"end":{"line":75,"column":null}},{"start":{"line":76,"column":10},"end":{"line":79,"column":null}}],"line":75},"4":{"loc":{"start":{"line":82,"column":9},"end":{"line":149,"column":null}},"type":"binary-expr","locations":[{"start":{"line":82,"column":9},"end":{"line":82,"column":21}},{"start":{"line":82,"column":21},"end":{"line":82,"column":null}},{"start":{"line":83,"column":10},"end":{"line":149,"column":null}}],"line":82},"5":{"loc":{"start":{"line":85,"column":13},"end":{"line":102,"column":null}},"type":"binary-expr","locations":[{"start":{"line":85,"column":13},"end":{"line":85,"column":null}},{"start":{"line":86,"column":14},"end":{"line":102,"column":null}}],"line":85},"6":{"loc":{"start":{"line":106,"column":13},"end":{"line":117,"column":null}},"type":"binary-expr","locations":[{"start":{"line":106,"column":13},"end":{"line":106,"column":null}},{"start":{"line":107,"column":14},"end":{"line":117,"column":null}}],"line":106},"7":{"loc":{"start":{"line":121,"column":13},"end":{"line":132,"column":null}},"type":"binary-expr","locations":[{"start":{"line":121,"column":13},"end":{"line":121,"column":null}},{"start":{"line":122,"column":14},"end":{"line":132,"column":null}}],"line":121},"8":{"loc":{"start":{"line":136,"column":13},"end":{"line":147,"column":null}},"type":"binary-expr","locations":[{"start":{"line":136,"column":13},"end":{"line":136,"column":null}},{"start":{"line":137,"column":14},"end":{"line":147,"column":null}}],"line":136},"9":{"loc":{"start":{"line":160,"column":20},"end":{"line":160,"column":null}},"type":"binary-expr","locations":[{"start":{"line":160,"column":20},"end":{"line":160,"column":40}},{"start":{"line":160,"column":40},"end":{"line":160,"column":null}}],"line":160},"10":{"loc":{"start":{"line":161,"column":20},"end":{"line":161,"column":null}},"type":"binary-expr","locations":[{"start":{"line":161,"column":20},"end":{"line":161,"column":40}},{"start":{"line":161,"column":40},"end":{"line":161,"column":null}}],"line":161},"11":{"loc":{"start":{"line":183,"column":47},"end":{"line":183,"column":102}},"type":"cond-expr","locations":[{"start":{"line":183,"column":71},"end":{"line":183,"column":90}},{"start":{"line":183,"column":90},"end":{"line":183,"column":102}}],"line":183},"12":{"loc":{"start":{"line":184,"column":15},"end":{"line":184,"column":null}},"type":"binary-expr","locations":[{"start":{"line":184,"column":15},"end":{"line":184,"column":40}},{"start":{"line":184,"column":40},"end":{"line":184,"column":null}}],"line":184},"13":{"loc":{"start":{"line":198,"column":47},"end":{"line":198,"column":102}},"type":"cond-expr","locations":[{"start":{"line":198,"column":71},"end":{"line":198,"column":90}},{"start":{"line":198,"column":90},"end":{"line":198,"column":102}}],"line":198},"14":{"loc":{"start":{"line":199,"column":15},"end":{"line":199,"column":null}},"type":"binary-expr","locations":[{"start":{"line":199,"column":15},"end":{"line":199,"column":40}},{"start":{"line":199,"column":40},"end":{"line":199,"column":null}}],"line":199},"15":{"loc":{"start":{"line":235,"column":55},"end":{"line":235,"column":96}},"type":"binary-expr","locations":[{"start":{"line":235,"column":55},"end":{"line":235,"column":80}},{"start":{"line":235,"column":80},"end":{"line":235,"column":96}}],"line":235},"16":{"loc":{"start":{"line":237,"column":66},"end":{"line":237,"column":107}},"type":"binary-expr","locations":[{"start":{"line":237,"column":66},"end":{"line":237,"column":91}},{"start":{"line":237,"column":91},"end":{"line":237,"column":107}}],"line":237},"17":{"loc":{"start":{"line":241,"column":9},"end":{"line":246,"column":null}},"type":"binary-expr","locations":[{"start":{"line":241,"column":9},"end":{"line":241,"column":null}},{"start":{"line":242,"column":10},"end":{"line":246,"column":null}}],"line":241},"18":{"loc":{"start":{"line":257,"column":20},"end":{"line":257,"column":null}},"type":"binary-expr","locations":[{"start":{"line":257,"column":20},"end":{"line":257,"column":40}},{"start":{"line":257,"column":40},"end":{"line":257,"column":null}}],"line":257},"19":{"loc":{"start":{"line":258,"column":20},"end":{"line":258,"column":null}},"type":"binary-expr","locations":[{"start":{"line":258,"column":20},"end":{"line":258,"column":40}},{"start":{"line":258,"column":40},"end":{"line":258,"column":null}}],"line":258},"20":{"loc":{"start":{"line":263,"column":2},"end":{"line":264,"column":null}},"type":"if","locations":[{"start":{"line":263,"column":2},"end":{"line":264,"column":null}},{"start":{"line":263,"column":44},"end":{"line":264,"column":null}}],"line":263},"21":{"loc":{"start":{"line":263,"column":44},"end":{"line":264,"column":null}},"type":"if","locations":[{"start":{"line":263,"column":44},"end":{"line":264,"column":null}},{"start":{},"end":{}}],"line":263},"22":{"loc":{"start":{"line":268,"column":2},"end":{"line":274,"column":null}},"type":"if","locations":[{"start":{"line":268,"column":2},"end":{"line":274,"column":null}},{"start":{},"end":{}}],"line":268},"23":{"loc":{"start":{"line":269,"column":28},"end":{"line":269,"column":null}},"type":"binary-expr","locations":[{"start":{"line":269,"column":28},"end":{"line":269,"column":64}},{"start":{"line":269,"column":64},"end":{"line":269,"column":null}}],"line":269},"24":{"loc":{"start":{"line":270,"column":24},"end":{"line":273,"column":null}},"type":"binary-expr","locations":[{"start":{"line":270,"column":24},"end":{"line":270,"column":null}},{"start":{"line":271,"column":25},"end":{"line":271,"column":58}},{"start":{"line":271,"column":58},"end":{"line":271,"column":null}},{"start":{"line":272,"column":25},"end":{"line":272,"column":58}},{"start":{"line":272,"column":58},"end":{"line":272,"column":null}},{"start":{"line":273,"column":25},"end":{"line":273,"column":58}},{"start":{"line":273,"column":58},"end":{"line":273,"column":null}}],"line":270},"25":{"loc":{"start":{"line":295,"column":47},"end":{"line":295,"column":102}},"type":"cond-expr","locations":[{"start":{"line":295,"column":71},"end":{"line":295,"column":90}},{"start":{"line":295,"column":90},"end":{"line":295,"column":102}}],"line":295},"26":{"loc":{"start":{"line":296,"column":15},"end":{"line":296,"column":null}},"type":"binary-expr","locations":[{"start":{"line":296,"column":15},"end":{"line":296,"column":40}},{"start":{"line":296,"column":40},"end":{"line":296,"column":null}}],"line":296},"27":{"loc":{"start":{"line":309,"column":47},"end":{"line":309,"column":102}},"type":"cond-expr","locations":[{"start":{"line":309,"column":71},"end":{"line":309,"column":90}},{"start":{"line":309,"column":90},"end":{"line":309,"column":102}}],"line":309},"28":{"loc":{"start":{"line":310,"column":15},"end":{"line":310,"column":null}},"type":"binary-expr","locations":[{"start":{"line":310,"column":15},"end":{"line":310,"column":40}},{"start":{"line":310,"column":40},"end":{"line":310,"column":null}}],"line":310},"29":{"loc":{"start":{"line":316,"column":9},"end":{"line":330,"column":null}},"type":"binary-expr","locations":[{"start":{"line":316,"column":9},"end":{"line":316,"column":null}},{"start":{"line":317,"column":10},"end":{"line":330,"column":null}}],"line":316},"30":{"loc":{"start":{"line":326,"column":31},"end":{"line":326,"column":null}},"type":"cond-expr","locations":[{"start":{"line":326,"column":51},"end":{"line":326,"column":80}},{"start":{"line":326,"column":80},"end":{"line":326,"column":null}}],"line":326},"31":{"loc":{"start":{"line":327,"column":17},"end":{"line":327,"column":null}},"type":"cond-expr","locations":[{"start":{"line":327,"column":37},"end":{"line":327,"column":51}},{"start":{"line":327,"column":51},"end":{"line":327,"column":null}}],"line":327}},"s":{"0":5,"1":5,"2":5,"3":5,"4":5,"5":5,"6":5,"7":5,"8":5,"9":5,"10":0,"11":0,"12":5,"13":5,"14":5,"15":5,"16":5,"17":5,"18":5,"19":0,"20":5,"21":0,"22":5,"23":0,"24":5,"25":5,"26":0,"27":0,"28":0,"29":0,"30":0,"31":0,"32":0,"33":0,"34":0,"35":0,"36":0,"37":0,"38":0,"39":0,"40":0,"41":0,"42":0,"43":0,"44":0,"45":0,"46":0},"f":{"0":5,"1":5,"2":5,"3":5,"4":0,"5":0,"6":0,"7":0,"8":0,"9":0,"10":0,"11":0,"12":0},"b":{"0":[0,0],"1":[0,0],"2":[5,5],"3":[5,0,0],"4":[5,0,0],"5":[0,0],"6":[0,0],"7":[0,0],"8":[0,0],"9":[0,0],"10":[0,0],"11":[0,0],"12":[0,0],"13":[0,0],"14":[0,0],"15":[0,0],"16":[0,0],"17":[0,0],"18":[0,0],"19":[0,0],"20":[0,0],"21":[0,0],"22":[0,0],"23":[0,0],"24":[0,0,0,0,0,0,0],"25":[0,0],"26":[0,0],"27":[0,0],"28":[0,0],"29":[0,0],"30":[0,0],"31":[0,0]},"meta":{"lastBranch":32,"lastFunction":13,"lastStatement":47,"seen":{"f:9:24:9:39":0,"s:10:28:10:Infinity":0,"s:11:28:11:Infinity":1,"s:12:24:12:Infinity":2,"s:13:34:13:Infinity":3,"s:15:20:27:Infinity":4,"f:15:20:15:32":1,"s:16:4:26:Infinity":5,"s:17:19:17:Infinity":6,"s:18:6:18:Infinity":7,"s:19:6:19:Infinity":8,"s:20:6:20:Infinity":9,"s:22:6:22:Infinity":10,"s:23:6:23:Infinity":11,"s:25:6:25:Infinity":12,"s:29:2:35:Infinity":13,"f:29:12:29:18":2,"s:30:4:30:Infinity":14,"s:33:21:33:Infinity":15,"s:34:4:34:Infinity":16,"f:34:11:34:17":3,"s:34:17:34:Infinity":17,"s:38:26:38:Infinity":18,"f:38:41:38:46":4,"s:38:46:38:69":19,"s:39:22:39:Infinity":20,"f:39:37:39:42":5,"s:39:42:39:89":21,"b:39:42:39:68:39:68:39:89":0,"s:40:26:40:Infinity":22,"f:40:41:40:46":6,"s:40:46:40:94":23,"b:40:46:40:74:40:74:40:94":1,"s:42:8:47:Infinity":24,"s:49:2:152:Infinity":25,"b:68:9:68:Infinity:69:10:71:Infinity":2,"b:75:9:75:18:75:18:75:Infinity:76:10:79:Infinity":3,"b:82:9:82:21:82:21:82:Infinity:83:10:149:Infinity":4,"b:85:13:85:Infinity:86:14:102:Infinity":5,"f:98:35:98:Infinity":7,"s:99:20:99:Infinity":26,"b:106:13:106:Infinity:107:14:117:Infinity":6,"f:113:39:113:Infinity":8,"s:114:20:114:Infinity":27,"b:121:13:121:Infinity:122:14:132:Infinity":7,"f:128:39:128:Infinity":9,"s:129:20:129:Infinity":28,"b:136:13:136:Infinity:137:14:147:Infinity":8,"f:159:9:159:23":10,"s:160:20:160:Infinity":29,"b:160:20:160:40:160:40:160:Infinity":9,"s:161:20:161:Infinity":30,"b:161:20:161:40:161:40:161:Infinity":10,"s:163:2:204:Infinity":31,"b:183:71:183:90:183:90:183:102":11,"b:184:15:184:40:184:40:184:Infinity":12,"b:198:71:198:90:198:90:198:102":13,"b:199:15:199:40:199:40:199:Infinity":14,"f:211:9:211:27":11,"s:212:15:215:Infinity":32,"s:217:2:249:Infinity":33,"b:235:55:235:80:235:80:235:96":15,"b:237:66:237:91:237:91:237:107":16,"b:241:9:241:Infinity:242:10:246:Infinity":17,"f:256:9:256:27":12,"s:257:20:257:Infinity":34,"b:257:20:257:40:257:40:257:Infinity":18,"s:258:20:258:Infinity":35,"b:258:20:258:40:258:40:258:Infinity":19,"s:259:20:259:Infinity":36,"s:262:21:262:Infinity":37,"b:263:2:264:Infinity:263:44:264:Infinity":20,"s:263:2:264:Infinity":38,"s:263:29:263:Infinity":39,"b:263:44:264:Infinity:undefined:undefined:undefined:undefined":21,"s:263:44:264:Infinity":40,"s:264:34:264:Infinity":41,"s:267:26:267:Infinity":42,"b:268:2:274:Infinity:undefined:undefined:undefined:undefined":22,"s:268:2:274:Infinity":43,"s:269:28:269:Infinity":44,"b:269:28:269:64:269:64:269:Infinity":23,"s:270:4:273:Infinity":45,"b:270:24:270:Infinity:271:25:271:58:271:58:271:Infinity:272:25:272:58:272:58:272:Infinity:273:25:273:58:273:58:273:Infinity":24,"s:276:2:333:Infinity":46,"b:295:71:295:90:295:90:295:102":25,"b:296:15:296:40:296:40:296:Infinity":26,"b:309:71:309:90:309:90:309:102":27,"b:310:15:310:40:310:40:310:Infinity":28,"b:316:9:316:Infinity:317:10:330:Infinity":29,"b:326:51:326:80:326:80:326:Infinity":30,"b:327:37:327:51:327:51:327:Infinity":31}}}
}
